[CLIENT 1] opened log file
[CLIENT 1] parsing input file in1.txt
[CLIENT 1] parsed 2 owned files and 1 desired files
[CLIENT 1] received ACK from TRACKER.
[CLIENT 1] starting download
[DOWNLOAD CLIENT 1] requesting seeds for file3
[DOWNLOAD CLIENT 1] received 75 segments for file3
[CLIENT 1] File file3 has following seeds: 1 2 
[CLIENT 1] requesting segment 0 from file3
[DOWNLOAD CLIENT 1] querying seed 2
[UPLOAD CLIENT 1] received REQUEST_SEGMENT from 2
[UPLOAD CLIENT 1] accepted request for segment 0 from 2
[DOWNLOAD CLIENT 1] received reply 2 from seed 2
[CLIENT 1] needs 74 more segments from file3
[CLIENT 1] requesting segment 1 from file3
[DOWNLOAD CLIENT 1] querying seed 2
[UPLOAD CLIENT 1] received REQUEST_SEGMENT from 2
[UPLOAD CLIENT 1] accepted request for segment 1 from 2
[DOWNLOAD CLIENT 1] received reply 2 from seed 2
[CLIENT 1] needs 73 more segments from file3
[CLIENT 1] requesting segment 2 from file3
[DOWNLOAD CLIENT 1] querying seed 2
[UPLOAD CLIENT 1] received REQUEST_SEGMENT from 2
[UPLOAD CLIENT 1] accepted request for segment 2 from 2
[DOWNLOAD CLIENT 1] received reply 2 from seed 2
[CLIENT 1] needs 72 more segments from file3
[CLIENT 1] requesting segment 3 from file3
[DOWNLOAD CLIENT 1] querying seed 2
[UPLOAD CLIENT 1] received REQUEST_SEGMENT from 2
[UPLOAD CLIENT 1] accepted request for segment 3 from 2
[DOWNLOAD CLIENT 1] received reply 2 from seed 2
[CLIENT 1] needs 71 more segments from file3
[CLIENT 1] requesting segment 4 from file3
[DOWNLOAD CLIENT 1] querying seed 2
[UPLOAD CLIENT 1] received REQUEST_SEGMENT from 2
[UPLOAD CLIENT 1] accepted request for segment 4 from 2
[DOWNLOAD CLIENT 1] received reply 2 from seed 2
[CLIENT 1] needs 70 more segments from file3
[CLIENT 1] requesting segment 5 from file3
[DOWNLOAD CLIENT 1] querying seed 2
[DOWNLOAD CLIENT 1] received reply 2 from seed 2
[UPLOAD CLIENT 1] received REQUEST_SEGMENT from 2
[UPLOAD CLIENT 1] accepted request for segment 5 from 2
[CLIENT 1] needs 69 more segments from file3
[CLIENT 1] requesting segment 6 from file3
[DOWNLOAD CLIENT 1] querying seed 2
[UPLOAD CLIENT 1] received REQUEST_SEGMENT from 2
[UPLOAD CLIENT 1] accepted request for segment 6 from 2
[DOWNLOAD CLIENT 1] received reply 2 from seed 2
[CLIENT 1] needs 68[UPLOAD CLIENT from om seed 2
from file3
1] received REQUEST_SEGMENT from 3
[CLIENT 1] requesting segment 7 from file3
[DOWNLOAD CLIENT 1] querying seed 2
[DOWNLOAD CLIENT 1] querying seed 2[DOWNLOAD CLIENT 1] received reply 2 from seed 2
[CLIENT 1] needs 67 more segments from file3
[UPLOAD CLIENT 1[CLIENT ] accepted request for segment 1] requesting segment 2 from 8 from 3
[UPLOAD CLIENT 1] received REQUEST_SEGMENT from 2
[UPLOAD CLIENT 1] accepted request for segment 7 from 2
[UPLOAD CLIENT 1] accepted request for segment 7 from 2
] requesting segment 2 from 8 from 3
file3
[DOWNLOAD CLIENT 1] querying seed 2
[UPLOAD CLIENT 1] received REQUEST_SEGMENT from 3
[UPLOAD CLIENT 1] accepted request for segment 3 from 3
[DOWNLOAD CLIENT [UPLOAD CLIENT 1] received REQUEST_SEGMENT from 12 from seed 2
[UPLOAD CLIENT 1] accepted request for segment 8 from 2
2 from seed 2
[CLIENT 1] needs 66 more segments from file3
[CLIENT 1] requesting segment 9 from file3
[DOWNLOAD CLIENT 1] querying seed 2
[UPLOAD CLIENT 1] received REQUEST_SEGMENT from 2
[UPLOAD CLIENT 1] accepted request for segment 9 from 2
[DOWNLOAD CLIENT 1] received reply 2 from seed 2
[CLIENT 1] needs 65 more segments from file3
[CLIENT 1] updating seeds
[DOWNLOAD CLIENT 1] requesting seeds for file3
[UPLOAD CLIENT 1] received REQUEST_SEGMENT from 3
[UPLOAD CLIENT 1] accepted request for segment 5 from 3
[DOWNLOAD CLIENT 1] received 75 segments for file3
[CLIENT 1] requesting segment 10 from file3
[DOWNLOAD CLIENT 1] querying seed 3
[UPLOAD CLIENT 1] received REQUEST_SEGMENT from 3
[DOWNLOAD CLIENT 1] received reply 1 from seed 3
[DOWNLOAD CLIENT 1] querying seed 3
[UPLOAD CLIENT 1] accepted request for segment 6 from 3
[UPLOAD CLIENT 1] received REQUEST_SEGMENT from 2
[UPLOAD CLIENT 1] accepted request for segment 10 from 2
[UPLOAD CLIENT 1] accepted request for segment 10 from 2
[DOWNLOAD CLIENT 1] received reply 1 from seed 3
[UPLOAD CLIENT 1] received REQUEST_SEGMENT from 3
[DOWNLOAD CLIENT 1] querying seed 3
[UPLOAD CLIENT 1] received REQUEST_SEGMENT from 3
[UPLOAD CLIENT 1] accepted request for segment 7 from 3
[DOWNLOAD CLIENT 1] received reply 1 from seed 3
[DOWNLOAD CLIENT 1] querying seed 2
[DOWNLOAD CLIENT 1] received reply 2 from seed 2
[CLIENT 1] needs 64 more segments from file3
[CLIENT 1] requesting segment 11 from file3
[DOWNLOAD CLIENT 1] querying seed 3
[DOWNLOAD CLIENT 1] received reply 1 from seed 3
[DOWNLOAD CLIENT 1] querying seed 2
[UPLOAD CLIENT 1] received REQUEST_SEGMENT from 3
[DOWNLOAD CLIENT 1] received reply 2 from seed 2
[UPLOAD CLIENT 1] accepted request for segment 9 from 3
[UPLOAD CLIENT 1] received REQUEST_SEGMENT from 2
[UPLOAD CLIENT 1] accepted request for segment 11 from 2
[UPLOAD CLIENT 1] accepted request for segment 11[CLIENT 1] needs 63 more segments from file3
[CLIENT 1] requesting segment 12 from file3
[DOWNLOAD CLIENT 1] querying seed 3
[UPLOAD CLIENT 1] received REQUEST_SEGMENT from 2
[DOWNLOAD CLIENT 1] received reply 1 from seed 3
[UPLOAD CLIENT 1] accepted request for segment 12 from 2
[DOWNLOAD CLIENT 1] received reply 1 from seed 3
[DOWNLOAD CLIENT 1] querying seed 3
[DOWNLOAD CLIENT 1] received reply 1 from seed 3
[UPLOAD CLIENT 1] received REQUEST_SEGMENT from 2
[DOWNLOAD CLIENT 1] querying seed 2
[UPLOAD CLIENT 1] received REQUEST_SEGMENT from 2
[UPLOAD CLIENT 1] accepted request for segment 13 from 2
[DOWNLOAD CLIENT 1] received reply 2 from seed 2
[CLIENT 1] needs 62 more segments from file3
[CLIENT 1] requesting segment 13 from file3
[DOWNLOAD CLIENT 1] querying seed 2
[UPLOAD CLIENT 1] received REQUEST_SEGMENT from 2
[UPLOAD CLIENT 1] accepted request for segment 14 from 2
[DOWNLOAD CLIENT 1] received reply 2 from seed 2
[CLIENT 1] needs 61 more segments from file3
[CLIENT 1] requesting segment 14 from file3
[DOWNLOAD CLIENT 1] querying seed 3
[DOWNLOAD CLIENT 1] received reply 1 from seed 3
[DOWNLOAD CLIENT 1] querying seed 2
[DOWNLOAD CLIENT 1] received reply 2 from seed 2
[CLIENT 1] needs 60 more segments from file3
[CLIENT 1] requesting segment 15 from file3
[DOWNLOAD CLIENT 1] querying seed 3
[DOWNLOAD CLIENT 1] received reply 1 from seed 3
[DOWNLOAD CLIENT 1] querying seed 3
[UPLOAD CLIENT 1] received REQUEST_SEGMENT from 2
[UPLOAD CLIENT 1] accepted request for segment 15 from 2
[DOWNLOAD CLIENT 1] received reply 1 from seed 3
[DOWNLOAD CLIENT 1] querying seed 3
[DOWNLOAD CLIENT 1] received reply 1 from seed 3
[DOWNLOAD CLIENT 1] querying seed 2
[UPLOAD CLIENT 1] received REQUEST_SEGMENT from 2
[UPLOAD CLIENT 1] accepted request for segment 16 from 2
[DOWNLOAD CLIENT 1] received reply 2 from seed 2
[CLIENT 1] needs 59 more segments from file3
[CLIENT 1] requesting segment 16 from file3
[DOWNLOAD CLIENT 1] querying seed 3
[UPLOAD CLIENT 1] received REQUEST_SEGMENT from 2
[UPLOAD CLIENT 1] accepted request for segment 17 from 2
[DOWNLOAD CLIENT 1] received reply 1 from seed 3
[DOWNLOAD CLIENT 1] querying seed 2
[DOWNLOAD CLIENT 1] received reply 2 from seed 2
[UPLOAD CLIENT 1] received REQUEST_SEGMENT from 2
58 more segments from file3
[UPLOAD CLIENT 1] accepted request for segment 18 from 2
58 more segments from file3
[CLIENT 1] requesting segment 17 from file3
[DOWNLOAD CLIENT 1] querying seed 2
[DOWNLOAD CLIENT 1] received reply 2 from seed 2
[CLIENT 1] needs 57 more segments from file3
[CLIENT 1] requesting segment 18 from file3
[DOWNLOAD CLIENT 1] querying seed 2
[DOWNLOAD CLIENT 1] received reply 2 from seed 2
[UPLOAD CLIENT 1] received REQUEST_SEGMENT from 2
[CLIENT 1] needs 56 more segments from file3
[CLIENT 1] requesting segment 19 from file3
rom 2
[UPLOAD CLIENT 1] accepted request for segment 19 from 2
[UPLOAD CLIENT 1] accepted request for segme[DOWNLOAD CLIENT 1] querying seed 3
[DOWNLOAD CLIENT 1] received reply 1 from seed 3
[DOWNLOAD CLIENT 1] querying seed 3
[DOWNLOAD CLIENT 1] received reply 1 from seed 3
[DOWNLOAD CLIENT 1] querying seed 2
[DOWNLOAD CLIENT 1] received reply 2 from seed 2
[CLIENT 1] needs 55 more segments from file3
[CLIENT 1] updating seeds
[DOWNLOAD CLIENT 1] requesting seeds for file3
[UPLOAD CLIENT 1] received REQUEST_SEGMENT from 2
[DOWNLOAD CLIENT 1] received 75 segments for file3
[UPLOAD CLIENT 1] accepted request for segment 20 from 2
[CLIENT 1] requesting segment 20 from file3
[DOWNLOAD CLIENT 1] querying seed 2
[UPLOAD CLIENT 1] received REQUEST_SEGMENT from 2
[DOWNLOAD CLIENT 1] received reply 2 from seed 2
[UPLOAD CLIENT 1] accepted request for segment 21 from 2
[UPLOAD CLIENT 1] received REQUEST_SEGMENT from 3
[UPLOAD CLIENT 1] accepted request for segment 10 from 3
[UPLOAD CLIENT 1] accepted request for segment 10[CLIENT 1] needs 54 more segments from file3
[CLIENT 1] requesting segment 21 from file3
[DOWNLOAD CLIENT 1] querying seed 3
[UPLOAD CLIENT 1] received REQUEST_SEGMENT from 2
[DOWNLOAD CLIENT 1] received reply 1 from seed 3
[UPLOAD CLIENT 1] accepted request for segment 22 from 2
[DOWNLOAD CLIENT 1] querying seed 3
[UPLOAD CLIENT 1] accepted request for segment 22 from 2
[UPLOAD CLIENT 1] received REQUEST_SEGMENT from 3
[DOWNLOAD CLIENT 1] received reply 1 from seed 3
[UPLOAD CLIENT 1] accepted request for segment 11 from 3
[DOWNLOAD CLIENT 1] received reply 1 from seed 3
[DOWNLOAD CLIENT 1] querying seed 3
[DOWNLOAD CLIENT 1] received reply 1 from seed 3
[DOWNLOAD CLIENT 1] querying seed 2
[DOWNLOAD CLIENT 1] received reply 2 from seed 2
[CLIENT 1] needs 53 more segments from file3
[UPLOAD CLIENT 1] received REQUEST_SEGMENT from 2
[UPLOAD CLIENT 1] received REQUEST_SEGMENT from 2
[CLIENT 1] requesting segment 22 from file3
[UPLOAD CLIENT 1] accepted request for segment 23 from 2
[UPLOAD CLIENT 1] received REQUEST_SEGMENT from 2
[CLIENT 1] requesting segment 22 from file3
[DOWNLOAD CLIENT 1] querying seed 2
[DOWNLOAD CLIENT 1] received reply 2 from seed 2
[UPLOAD CLIENT 1] received REQUEST_SEGMENT from 2
[CLIENT 1] needs 52 more segments from file3
[UPLOAD CLIENT 1] received REQUEST_SEGMENT from 2
1] requesting segment 23 from file3
[UPLOAD CLIENT 1] accepted request for segment 24 from 2
1] requesting segment 23 from file3
[DOWNLOAD CLIENT 1] querying seed 3
[DOWNLOAD CLIENT 1] received reply 1 from seed 3
[DOWNLOAD CLIENT 1] querying seed 3
[UPLOAD CLIENT 1] received REQUEST_SEGMENT from 3
[UPLOAD CLIENT 1] accepted request for segment 17 from 3
[DOWNLOAD CLIENT 1] received reply 1 from seed 3
[DOWNLOAD CLIENT 1] querying seed 3
[DOWNLOAD CLIENT 1] received reply 1 from seed 3
[DOWNLOAD CLIENT 1] querying seed 2
[UPLOAD CLIENT 1] received REQUEST_SEGMENT from 3
[UPLOAD CLIENT 1] accepted request for segment 19 from 3
[DOWNLOAD CLIENT 1] received reply 2 from seed 2
[CLIENT 1] needs 51 more segments from file3
[UPLOAD CLIENT 1] received REQUEST_SEGMENT from 2
[CLIENT 1] requesting segment 24 from file3
[UPLOAD CLIENT 1] accepted request for segment 25 from 2
[CLIENT 1] requesting segment 24 from file3
[DOWNLOAD CLIENT 1] querying seed 2
[DOWNLOAD CLIENT 1] received reply 2 from seed 2
[CLIENT 1] needs 50 more segments from file3
[CLIENT 1] requesting segment 25 from file3
[DOWNLOAD CLIENT 1] querying seed 3
[UPLOAD CLIENT 1] received REQUEST_SEGMENT from 2
[UPLOAD CLIENT 1] accepted request for segment 26 from 2
[DOWNLOAD CLIENT 1] received reply 1 from seed 3
[DOWNLOAD CLIENT 1] querying seed 3
[DOWNLOAD CLIENT 1] received reply 1 from seed 3
[DOWNLOAD CLIENT 1] querying seed 3
[UPLOAD CLIENT 1] received REQUEST_SEGMENT from 2
[UPLOAD CLIENT 1] accepted request for segment 27 from 2
[DOWNLOAD CLIENT 1] received reply 1 from seed 3
[DOWNLOAD CLIENT 1] querying seed 3
[DOWNLOAD CLIENT 1] received reply 1 from seed 3
[DOWNLOAD CLIENT 1] querying seed 3
[UPLOAD CLIENT 1] received REQUEST_SEGMENT from 3
[UPLOAD CLIENT 1] accepted request for segment 22 from 3
[DOWNLOAD CLIENT 1] received reply 1 from seed 3
[DOWNLOAD CLIENT 1] querying seed 3
[UPLOAD CLIENT 1] received REQUEST_SEGMENT from 3
[DOWNLOAD CLIENT 1] received reply 1 from seed 3
[UPLOAD CLIENT 1] accepted request for segment 23 from 3
[UPLOAD CLIENT 1] received REQUEST_SEGMENT from 2
[UPLOAD CLIENT 1] accepted request for segment 28 from 2
[UPLOAD CLIENT 1] accepted request for segment 28[DOWNLOAD CLIENT 1] querying seed 3
[DOWNLOAD CLIENT 1] received reply 1 from seed 3
[DOWNLOAD CLIENT 1] querying seed 2
[UPLOAD CLIENT 1] received REQUEST_SEGMENT from 2
[UPLOAD CLIENT 1] accepted request for segment 29 from 2
[UPLOAD CLIENT 1] received REQUEST_SEGMENT from 3
[UPLOAD CLIENT 1] accepted request for segment 25 from 3
[DOWNLOAD CLIENT 1] received reply 2 from seed 2
[CLIENT 1] needs 49 more segments from file3
[CLIENT 1] requesting segment 26 from file3
[DOWNLOAD CLIENT 1] querying seed 2
[DOWNLOAD CLIENT 1] received reply 2 from seed 2
[CLIENT 1] needs 48 more segments from file3
[UPLOAD CLIENT 1] received REQUEST_SEGMENT from 2
[CLIENT 1] requesting segment 27 from file3
[DOWNLOAD CLIENT 1] querying seed 2
[DOWNLOAD CLIENT 1] querying seed 2
EGMENT from 2
[UPLOAD CLIENT 1] accepted request for segment 30 from 2
[UPLOAD CLIENT 1] received REQUEST_SEGMENT from 3
[UPLOAD CLIENT 1] accepted request for segment 29 from 3
[DOWNLOAD CLIENT 1] received reply 2 from seed 2
[CLIENT 1] needs 47 more segments from file3
[CLIENT 1] requesting segment 28 from file3
[DOWNLOAD CLIENT 1] querying seed 3
[DOWNLOAD CLIENT 1] received reply 1 from seed 3
[DOWNLOAD CLIENT 1] querying seed 3
[DOWNLOAD CLIENT 1] received reply 1 from seed 3
[DOWNLOAD CLIENT 1] querying seed 2
[DOWNLOAD CLIENT 1] received reply 2 from seed 2
[CLIENT 1] needs 46 more segments from file3
[CLIENT 1] requesting segment 29 from file3
[DOWNLOAD CLIENT 1] querying seed 2
[DOWNLOAD CLIENT 1] received reply 2 from seed 2
[CLIENT 1] needs 45 more segments from file3
[CLIENT 1] updating seeds
[DOWNLOAD CLIENT 1] requesting seeds for file3
[UPLOAD CLIENT 1] received REQUEST_SEGMENT from 2
[UPLOAD CLIENT [DOWNLOAD CLIENT 1] received 1] accepted request for segment 75 segments for 31 from file3
[CLIENT 1] requesting segment 30 from file3
[DOWNLOAD CLIENT 1] querying seed 2
[DOWNLOAD CLIENT 1] querying seed 2
m file3
1] accepted request for segment 75 segments for 31 from file3
2
[UPLOAD CLIENT 1] received REQUEST_SEGMENT from 3
[DOWNLOAD CLIENT 1] received reply 2 from seed 2
[UPLOAD CLIENT 1] accepted request for segment 31 from 3
[DOWNLOAD CLIENT 1] received reply 2 from seed 2
[UPLOAD CLIENT 1] received REQUEST_SEGMENT from 2
44 more segments from file3
[UPLOAD CLIENT 1] accepted request for segment 32 from 2
44 more segments from file3
[UPLOAD CLIENT 1] received REQUEST_SEGMENT from 3
[CLIENT 1] requesting segment 31 from file3
[UPLOAD CLIENT 1] accepted request for segment 32 from 3
[CLIENT 1] requesting segment 31 from file3
[DOWNLOAD CLIENT 1] querying seed 2
[DOWNLOAD CLIENT 1] received reply 2 from seed 2
[CLIENT 1] needs 43 more segments from [UPLOAD CLIENT file31] received REQUEST_SEGMENT from [CLIENT 1] needs 43 more segments from [UPLOAD CLIENT file31] received REQUEST_SEGMENT from 3
[CLIENT 1] requesting segment 32 from file3
[DOWNLOAD CLIENT 1] querying seed from [UPLOAD CLIENT file31] received REQUEST_SEGMENT from 3
2
[UPLOAD CLIENT 1] accepted request for segment 33 from 3
2
[UPLOAD CLIENT 1] received REQUEST_SEGMENT from 2
[DOWNLOAD CLIENT 1] received reply 2 from seed 2
[UPLOAD CLIENT 1] accepted request for segment 33 from 2
[CLIENT 1] needs 42 more segments from file3
[UPLOAD CLIENT 1] accepted request for segment 33 from 2
[CLIENT 1] requesting segment 33 from file3
[DOWNLOAD CLIENT 1] querying seed 3
[DOWNLOAD CLIENT 1] received reply 1 from seed 3
[DOWNLOAD CLIENT 1] querying seed 2
[DOWNLOAD CLIENT 1] received reply 2 from seed 2
1] received REQUEST_SEGMENT from 2
[CLIENT 1] needs 41 more segments from file3
1] received REQUEST_SEGMENT from 2
[CLIENT 1] requesting segment 34 from file3
[DOWNLOAD CLIENT 1] querying seed 3
[DOWNLOAD CLIENT 1] querying seed 3
m file3
[UPLOAD CLIENT 1] accepted request for segment 34 from 2
[UPLOAD CLIENT 1] received REQUEST_SEGMENT from 3
[DOWNLOAD CLIENT 1] received reply 1 from seed 3
[UPLOAD CLIENT 1] accepted request for segment 34 from 3
[DOWNLOAD CLIENT 1] received reply 1 from seed 3
[DOWNLOAD CLIENT 1] querying seed 2
[UPLOAD CLIENT 1] received REQUEST_SEGMENT from 3
[DOWNLOAD CLIENT [UPLOAD CLIENT 1] received reply t for segment 1] accepted reque2 from seed 35 from 2
3
[DOWNLOAD CLIENT [UPLOAD CLIENT 1] received reply t for segment 1] accepted reque2 from seed 35 from 2
3
[CLIENT 1] needs 40 more segments from file3
[CLIENT 1] requesting segment 35 from file3
[DOWNLOAD CLIENT 1] querying seed 2
[DOWNLOAD CLIENT 1] received reply 2 from seed 2
[CLIENT 1] needs 39 more segments from file3
[CLIENT 1] requesting segment 36 from file3
[DOWNLOAD CLIENT 1] querying seed 2
[DOWNLOAD CLIENT 1] received reply 2 from seed 2
[CLIENT 1] needs 38 more segments from file3
[CLIENT 1] requesting segment 37 from file3
[DOWNLOAD CLIENT 1] querying seed 2
[DOWNLOAD CLIENT 1] received reply 2 from seed 2
[CLIENT 1] needs 37 more segments from file3
[CLIENT 1] requesting segment 38 from file3
[DOWNLOAD CLIENT 1] querying seed 2
[UPLOAD CLIENT 1] received REQUEST_SEGMENT from 3
[UPLOAD CLIENT 1] accepted request for segment 36 from 3
[DOWNLOAD CLIENT 1] received reply 2 from seed 2
[CLIENT 1] needs 36 more segments from file3
[CLIENT 1] needs 36 more segments from file3
d 2
[UPLOAD CLIENT 1] received REQUEST_SEGMENT from 2
[CLIENT 1] requesting segment 39 from file3
[UPLOAD CLIENT 1] accepted request for segment 36 from 2
[CLIENT 1] requesting segment 39 from file3
[UPLOAD CLIENT 1] received REQUEST_SEGMENT from 3
[DOWNLOAD CLIENT 1] querying seed 3
[UPLOAD CLIENT 1] received REQUEST_SEGMENT from 3
[UPLOAD CLIENT 1] accepted request for segment 37 from 3
[DOWNLOAD CLIENT 1] received reply 1 from seed 3
[UPLOAD CLIENT 1] received REQUEST_SEGMENT from 2
[DOWNLOAD CLIENT 1] querying seed 2
[UPLOAD CLIENT 1] received REQUEST_SEGMENT from 2
[UPLOAD CLIENT 1] accepted request for segment 37 from 2
[DOWNLOAD CLIENT 1] received reply 2 from seed 2
[CLIENT 1] needs 35 more segments from file3
[CLIENT 1] updating seeds
[DOWNLOAD CLIENT 1] requesting seeds for file3
[UPLOAD CLIENT 1] received REQUEST_SEGMENT from 2
[UPLOAD CLIENT 1] accepted request for segment 38 from 2
[DOWNLOAD CLIENT 1] received 75 segments for file3
[CLIENT 1] requesting segment 40 from file3
[DOWNLOAD CLIENT 1] querying seed 2
[DOWNLOAD CLIENT 1] received reply 2 from seed 2
[CLIENT 1] needs 34 more segments from file3
[CLIENT 1] requesting segment 41 from file3
[DOWNLOAD CLIENT 1] querying seed 2
[UPLOAD CLIENT 1] received REQUEST_SEGMENT from 2
[UPLOAD CLIENT 1] accepted request for segment 39 from 2
[DOWNLOAD CLIENT 1] received reply 2 from seed 2
[CLIENT 1] needs 33 more segments from file3
[CLIENT 1] requesting segment 42 from file3
[DOWNLOAD CLIENT 1] querying seed 2
[DOWNLOAD CLIENT 1] received reply 2 from seed 2
[CLIENT 1] needs 32 more segments from file3
[CLIENT 1] requesting segment 43 from file3
[DOWNLOAD CLIENT 1] querying seed 3
[DOWNLOAD CLIENT 1] received reply 1 from seed 3
[DOWNLOAD CLIENT 1] querying seed 3
[DOWNLOAD CLIENT 1] received reply 1 from seed 3
[DOWNLOAD CLIENT 1] querying seed 2
[DOWNLOAD CLIENT 1] received reply 2 from seed 2
[CLIENT 1] needs 31 more segments from file3
[UPLOAD CLIENT 1] received REQUEST_SEGMENT from 2
[CLIENT 1] requesting segment 44 from file3
[UPLOAD CLIENT 1] accepted request for segment 40 from 2
[CLIENT 1] requesting segment 44 from file3
[DOWNLOAD CLIENT 1] querying seed 2
[UPLOAD CLIENT 1] received REQUEST_SEGMENT from 3
[DOWNLOAD CLIENT 1] received reply 2 from seed 2
[UPLOAD CLIENT 1] accepted request for segment 40 from 3
[DOWNLOAD CLIENT 1] received reply 2 from seed 2
[UPLOAD CLIENT 1] received REQUEST_SEGMENT from 2
[CLIENT 1] needs 30 more segments from file3
[CLIENT CLIENT 1] received REQUEST_SEGMENT from 2
1] requesting segment 45 from file3
[UPLOAD CLIENT 1] accepted request for segment 41 from 2
1] requesting segment 45 from file3
[DOWNLOAD CLIENT 1] querying seed 3
[UPLOAD CLIENT 1] received REQUEST_SEGMENT from 3
[UPLOAD CLIENT 1] accepted request for segment 41 from 3
[DOWNLOAD CLIENT 1] received reply 1 from seed 3
[DOWNLOAD CLIENT 1] querying seed 3
[UPLOAD CLIENT 1] received REQUEST_SEGMENT from 2
[UPLOAD CLIENT 1] accepted request for segment 42 from 2
[DOWNLOAD CLIENT 1] received reply 1 from seed 3
[DOWNLOAD CLIENT 1] querying seed 3
[DOWNLOAD CLIENT 1] received reply 1 from seed 3
[DOWNLOAD CLIENT 1] querying seed 2
[UPLOAD CLIENT 1] received REQUEST_SEGMENT from 2
[UPLOAD CLIENT 1] accepted request for segment 43 from 2
[DOWNLOAD CLIENT 1] received reply 2 from seed 2
[CLIENT 1] needs 29 more segments from file3
[CLIENT 1] requesting segment 46 from file3
[DOWNLOAD CLIENT 1] querying seed 3
[DOWNLOAD CLIENT 1] received reply 1 from seed 3
[DOWNLOAD CLIENT 1] querying seed 3
[UPLOAD CLIENT 1] received REQUEST_SEGMENT from 2
[UPLOAD CLIENT 1] accepted request for segment 44 from 2
[DOWNLOAD CLIENT 1] received reply 1 from seed 3
[DOWNLOAD CLIENT 1] querying seed 3
[UPLOAD CLIENT 1] received REQUEST_SEGMENT from 2
[UPLOAD CLIENT 1] accepted request for segment 45 from 2
[DOWNLOAD CLIENT 1] received reply 1 from seed 3
[DOWNLOAD CLIENT 1] querying seed 3
[DOWNLOAD CLIENT 1] received reply 1 from seed 3
[UPLOAD CLIENT 1] received REQUEST_SEGMENT from 3
[DOWNLOAD CLIENT 1] querying seed 3
[UPLOAD CLIENT 1] received REQUEST_SEGMENT from 3
[UPLOAD CLIENT 1] accepted request for segment 46 from 3
[UPLOAD CLIENT 1] received REQUEST_SEGMENT from 3
[DOWNLOAD CLIENT 1] received reply 1 from seed 3
47 from 3
[DOWNLOAD CLIENT 1] querying seed 3
47 from 3
[DOWNLOAD CLIENT 1] received reply 1 from seed 3
[DOWNLOAD CLIENT 1] querying seed 3
[UPLOAD CLIENT 1] received REQUEST_SEGMENT from 3
[DOWNLOAD CLIENT 1] received reply 1 from seed 3
[DOWNLOAD CLIENT 1] received reply 1 from seed 3
[UPLOAD CLIENT 1] accepted request for segment 48 from 3
[UPLOAD CLIENT 1] received REQUEST_SEGMENT from 2
[UPLOAD CLIENT 1] accepted request for segment 48 from 2
[DOWNLOAD CLIENT 1] querying seed 3
[DOWNLOAD CLIENT 1] received reply 1 from seed 3
[DOWNLOAD CLIENT 1] querying seed 2
[UPLOAD CLIENT 1] received REQUEST_SEGMENT from 3
[DOWNLOAD CLIENT 1] received reply 2 from seed 2
[UPLOAD CLIENT 1] accepted request for segment 49 from 3
[CLIENT 1] needs 28 more segments from file3
[CLIENT 1] requesting segment 47 from file3
[DOWNLOAD CLIENT 1] querying seed 2
[DOWNLOAD CLIENT 1] querying seed 2
m file3
nt 49 from 3
[DOWNLOAD CLIENT 1] received reply 2 from seed 2
[CLIENT 1] needs 27 more segments from file3
[CLIENT 1] requesting segment 48 from file3
[DOWNLOAD CLIENT 1] querying seed 2
[DOWNLOAD CLIENT 1] received reply 2 from seed 2
[CLIENT 1] needs 26 more segments from file3
[CLIENT 1] requesting segment 49 from file3
[DOWNLOAD CLIENT 1] querying seed 3
[UPLOAD CLIENT 1] received REQUEST_SEGMENT from 3
[UPLOAD CLIENT 1] accepted request for segment 50 from 3
[DOWNLOAD CLIENT 1] received reply 1 from seed 3
[DOWNLOAD CLIENT 1] querying seed 2
[UPLOAD CLIENT 1] received REQUEST_SEGMENT from 3
[DOWNLOAD CLIENT 1] received reply 2 from seed 2
[UPLOAD CLIENT 1] accepted request for segment 51 from 3
[DOWNLOAD CLIENT 1] received reply 2 from seed 2
[CLIENT 1] needs 25 more segments from file3
1] received REQUEST_SEGMENT from 2
[CLIENT 1] updating seeds
[DOWNLOAD CLIENT 1] requesting seeds for file3
[DOWNLOAD CLIENT 1] requesting seed[UPLOAD CLIENT 1] accepted request for segment 50 from 2
[DOWNLOAD CLIENT 1] received 75 segments for file3
[UPLOAD CLIENT 1] received REQUEST_SEGMENT from 3
[CLIENT 1] requesting segment 50 from file3
[UPLOAD CLIENT 1] accepted request for segment 52 from 3
[CLIENT 1] requesting segment 50 from file3
[DOWNLOAD CLIENT 1] querying seed 2
[UPLOAD CLIENT 1] received REQUEST_SEGMENT from 2
[UPLOAD CLIENT 1] accepted request for segment 51 from 2
[DOWNLOAD CLIENT 1] received reply 2 from seed 2
[CLIENT 1] needs 24 more segments from file3
[CLIENT 1] requesting segment 51 from file3
[DOWNLOAD CLIENT 1] querying seed 3
[UPLOAD CLIENT 1] received REQUEST_SEGMENT from 3
[UPLOAD CLIENT 1] accepted request for segment 53 from 3
[DOWNLOAD CLIENT 1] received reply 1 from seed 3
[DOWNLOAD CLIENT 1] querying seed 2
[DOWNLOAD CLIENT 1] received reply 2 from seed 2
[DOWNLOAD CLIENT 1] received reply 2 from seed 2
[UPLOAD CLIENT 1] received REQUEST_SEGMENT from 2
[CLIENT 1] needs 23 more segments from file3
[CLIENT 1] requesting segment 52 from file3
[DOWNLOAD CLIENT 1] querying seed 3
[DOWNLOAD CLIENT 1] querying seed 3
m file3
ed 2
[UPLOAD CLIENT 1] received REQUEST_SEGMENT from 2
[UPLOAD CLIENT 1] accepted request for segment 53 from 2
[DOWNLOAD CLIENT 1] received reply 1 from seed 3
[UPLOAD CLIENT 1] received REQUEST_SEGMENT from 3
[UPLOAD CLIENT 1] accepted request for segment 54 from 3
[UPLOAD CLIENT 1] accepted request for segment 54[DOWNLOAD CLIENT 1] querying seed 2
[DOWNLOAD CLIENT 1] received reply 2 from seed 2
[CLIENT 1] needs 22 more segments from file3
[CLIENT [] requesting segment 1] received REQUEST_SEGMENT from 53 from 3
[UPLOAD CLIENT 1] accepted request for segment 55 from 3
[UPLOAD CLIENT 1] received REQUEST_SEGMENT from 2
[UPLOAD CLIENT 1] accepted request for segment 55 from 2
[UPLOAD CLIENT 1] accepted request for segment 55 from 2
 from 53 from 3
file3
[DOWNLOAD CLIENT 1] querying seed 3
[UPLOAD CLIENT 1] received REQUEST_SEGMENT from 3
[UPLOAD CLIENT 1] accepted request for segment 56 from 3
[DOWNLOAD CLIENT 1] received reply 1 from seed 3
[DOWNLOAD CLIENT 1] querying seed 2
[UPLOAD CLIENT 1] received REQUEST_SEGMENT from 2
[UPLOAD CLIENT 1] accepted request for segment 56 from 2
[DOWNLOAD CLIENT 1] received reply 2 from seed 2
[UPLOAD CLIENT 1] received REQUEST_SEGMENT from 3
[UPLOAD CLIENT 1] accepted request for segment 57 from 3
[UPLOAD CLIENT 1] accepted request for segment 57[CLIENT 1] needs 21 more segments from file3
[UPLOAD CLIENT 1] received REQUEST_SEGMENT from 2
[CLIENT 1] requesting segment 54 from file3
[UPLOAD CLIENT 1] accepted request for segment 57 from 2
[CLIENT 1] requesting segment 54 from file3
[DOWNLOAD CLIENT 1] querying seed 3
[UPLOAD CLIENT 1] received REQUEST_SEGMENT from 3
[UPLOAD CLIENT 1] accepted request for segment 58 from 3
[DOWNLOAD CLIENT 1] received reply 1 from seed 3
[UPLOAD CLIENT 1] received REQUEST_SEGMENT from 2
[DOWNLOAD CLIENT 1] querying seed 2
[UPLOAD CLIENT 1] received REQUEST_SEGMENT from 2
[UPLOAD CLIENT 1] accepted request for segment 58 from 2
[UPLOAD CLIENT 1] received REQUEST_SEGMENT from 3
[DOWNLOAD CLIENT 1] received reply 2 from seed 2
[UPLOAD CLIENT 1] accepted request for segment 59 from 3
[DOWNLOAD CLIENT 1] received reply 2 from seed 2
[CLIENT 1] needs 20 more segments from file3
[CLIENT 1] requesting segment 55 from file3
[DOWNLOAD CLIENT 1] querying seed 3
[DOWNLOAD CLIENT 1] received reply 1 from seed 3
[DOWNLOAD CLIENT 1] querying seed 2
[DOWNLOAD CLIENT 1] received reply 2 from seed 2
[CLIENT 1] needs 19 more segments from file3
[CLIENT 1] requesting segment 56 from file3
[DOWNLOAD CLIENT 1] querying seed 2
[DOWNLOAD CLIENT 1] received reply 2 from seed 2
[CLIENT 1] needs 18 more segments from file3
[CLIENT 1] requesting segment 57 from file3
[DOWNLOAD CLIENT 1] querying seed 2
[UPLOAD CLIENT 1] received REQUEST_SEGMENT from 3
[UPLOAD CLIENT 1] accepted request for segment 60 from 3
[DOWNLOAD CLIENT 1] received reply 2 from seed 2
[UPLOAD CLIENT 1] received REQUEST_SEGMENT from 2
[UPLOAD CLIENT 1] accepted request for segment 60 from 2
[UPLOAD CLIENT 1] accepted request for segment 60[CLIENT 1] needs 17 more segments from file3
[CLIENT 1] requesting segment 58 from file3
[DOWNLOAD CLIENT 1] querying seed 3
[UPLOAD CLIENT 1] received REQUEST_SEGMENT from 3
[UPLOAD CLIENT 1] accepted request for segment 61 from 3
[DOWNLOAD CLIENT 1] received reply 1 from seed 3
[DOWNLOAD CLIENT 1] querying seed 2
[UPLOAD CLIENT 1] received REQUEST_SEGMENT from 3
[DOWNLOAD CLIENT 1] received reply 2 from seed 2
[UPLOAD CLIENT 1] accepted request for segment 62 from 3
[UPLOAD CLIENT 1] received REQUEST_SEGMENT from 2
[UPLOAD CLIENT 1] accepted request for segment 61 from 2
[UPLOAD CLIENT 1] accepted request for segment 61[CLIENT 1] needs 16 more segments from file3
[CLIENT 1] requesting segment 59 from file3
[DOWNLOAD CLIENT 1] querying seed 3
[UPLOAD CLIENT 1] received REQUEST_SEGMENT from 3
[UPLOAD CLIENT 1] accepted request for segment 63 from 3
[DOWNLOAD CLIENT 1] received reply 1 from seed 3
[DOWNLOAD CLIENT 1] querying seed 3
[DOWNLOAD CLIENT 1] received reply 1 from seed 3
[DOWNLOAD CLIENT 1] querying seed 2
[UPLOAD CLIENT 1] received REQUEST_SEGMENT from 3
[UPLOAD CLIENT 1] accepted request for segment 64 from 3
[DOWNLOAD CLIENT 1] received reply 2 from seed 2
[CLIENT 1] needs 15 more segments from file3
[CLIENT 1] updating seeds
[DOWNLOAD CLIENT 1] requesting seeds for file3
[DOWNLOAD CLIENT 1] received 75 segments for file3
[UPLOAD CLIENT [CLIENT 11] requesting segment 60 from 3
le3
[DOWNLOAD CLIENT 1] querying seed 3
[DOWNLOAD CLIENT 1] querying seed 3
g segment 60 from 3
[UPLOAD CLIENT 1] accepted request for segment 65 from 3
[DOWNLOAD CLIENT 1] received reply 1 from seed 3
[DOWNLOAD CLIENT 1] querying seed 3
[UPLOAD CLIENT 1] received REQUEST_SEGMENT from 2
[UPLOAD CLIENT 1] accepted request for segment 64 from 2
[DOWNLOAD CLIENT 1] received reply 1 from seed 3
[DOWNLOAD CLIENT 1] querying seed 3
[DOWNLOAD CLIENT 1] received reply 1 from seed 3
[DOWNLOAD CLIENT 1] querying seed 2
[DOWNLOAD CLIENT 1] received reply 2 from seed 2
[CLIENT 1] needs 14 more segments from file3
[CLIENT 1] requesting segment 61 from file3
[DOWNLOAD CLIENT 1] querying seed 3
[UPLOAD CLIENT 1] received REQUEST_SEGMENT from 2
[UPLOAD CLIENT 1] accepted request for segment 65 from 2
[DOWNLOAD CLIENT 1] received reply 1 from seed 3
[DOWNLOAD CLIENT 1] querying seed 3
[UPLOAD CLIENT 1] received REQUEST_SEGMENT from 3
[UPLOAD CLIENT 1] accepted request for segment 66 from 3
[UPLOAD CLIENT 1] received REQUEST_SEGMENT from 2
[UPLOAD CLIENT 1] accepted request for segment 66 from 2
[DOWNLOAD CLIENT 1] received reply 1 from seed 3
[DOWNLOAD CLIENT 1] querying seed 3
[DOWNLOAD CLIENT 1] received reply 1 from seed 3
[DOWNLOAD CLIENT 1] querying seed 2
[DOWNLOAD CLIENT 1] received reply 2 from seed 2
[CLIENT 1] needs 13 more segments from file3
[CLIENT 1] requesting segment 62 from file3
[DOWNLOAD CLIENT 1[UPLOAD CLIENT ] querying seed 2
2
[UPLOAD CLIENT 1] accepted request for segment 67 from 2
[DOWNLOAD CLIENT 1] received reply 2 from seed 2
[CLIENT 1] needs 12 more segments from file3
[CLIENT 1] requesting segment 63 from file3
[DOWNLOAD CLIENT 1] querying seed 3
[UPLOAD CLIENT 1] received REQUEST_SEGMENT from 2
[UPLOAD CLIENT 1] accepted request for segment 68 from 2
[DOWNLOAD CLIENT 1] received reply 1 from seed 3
[DOWNLOAD CLIENT 1] querying seed 3
[DOWNLOAD CLIENT 1] received reply 1 from seed 3
[DOWNLOAD CLIENT 1] querying seed 3
[DOWNLOAD CLIENT 1] received reply 1 from seed 3
[DOWNLOAD CLIENT 1] querying seed 3
[UPLOAD CLIENT 1] received REQUEST_SEGMENT from 2
[UPLOAD CLIENT 1] accepted request for segment 69 from 2
[DOWNLOAD CLIENT 1] received reply 1 from seed 3
[DOWNLOAD CLIENT 1] querying seed 2
[DOWNLOAD CLIENT 1] received reply 2 from seed 2
[CLIENT 1] needs 11 more segments from file3
[CLIENT 1] requesting segment 64 from file3
[DOWNLOAD CLIENT 1] querying seed 2
[DOWNLOAD CLIENT 1] received reply 2 from seed 2
[CLIENT 1] needs 10 more segments from file3
[CLIENT 1] requesting segment 65 from file3
[DOWNLOAD CLIENT 1] querying seed 3
[UPLOAD CLIENT 1] received REQUEST_SEGMENT from 2
[UPLOAD CLIENT 1] accepted request for segment 70 from 2
[DOWNLOAD CLIENT 1] received reply 1 from seed 3
[DOWNLOAD CLIENT 1] querying seed 2
[UPLOAD CLIENT 1] received REQUEST_SEGMENT from 3
[UPLOAD CLIENT 1] accepted request for segment 70 from 3
[UPLOAD CLIENT 1[DOWNLOAD CLIENT ] received REQUEST_SEGMENT from 1] received reply 3
2
[UPLOAD CLIENT 1] accepted request for segment 71 from 3
2
[CLIENT 1] needs 9 more segments from file3
[CLIENT 1] requesting segment 66 from file3
[DOWNLOAD CLIENT 1] querying seed 3
[UPLOAD CLIENT 1] received REQUEST_SEGMENT from 2
[UPLOAD CLIENT 1] accepted request for segment 71 from 2
[UPLOAD CLIENT 1] received REQUEST_SEGMENT from 3
[DOWNLOAD CLIENT 1] received reply 1 from seed 3
[UPLOAD CLIENT 1] accepted request for segment 72 from 3
[DOWNLOAD CLIENT 1] querying seed 2
[UPLOAD CLIENT 1] accepted request for segment 72 from 3
[DOWNLOAD CLIENT 1] received reply 2 from seed 2
[UPLOAD CLIENT 1] received REQUEST_SEGMENT from 3
[CLIENT 1] needs 8 more segments from file3
[UPLOAD CLIENT 1] accepted request for segment 73 from 3
[CLIENT 1] needs 8 more segments from file3
[UPLOAD CLIENT 1] received REQUEST_SEGMENT from [CLIENT 
1] requesting segment 67 from file3
[UPLOAD CLIENT 1] accepted request for segment 73 from 2
[UPLOAD CLIENT egment 67 from file3
] received REQUEST_SEGMENT from 3
[DOWNLOAD CLIENT 1] querying seed 3
] received REQUEST_SEGMENT from 3
[UPLOAD CLIENT 1] accepted request for segment 74 from 3
[DOWNLOAD CLIENT 1] received reply 1 from seed 3
[DOWNLOAD CLIENT 1] querying seed 2
[UPLOAD CLIENT 1] received REQUEST_SEGMENT from 2
[UPLOAD CLIENT 1] accepted request for segment 74 from 2
[DOWNLOAD CLIENT 1] received reply 2 from seed 2
[CLIENT 1] needs 7 more segments from file3
[CLIENT 1] requesting segment 68 from file3
[DOWNLOAD CLIENT 1] querying seed 2
[UPLOAD CLIENT 1] received REQUEST_SEGMENT from 3
[UPLOAD CLIENT 1] accepted request for segment 75 from 3
[DOWNLOAD CLIENT 1] received reply 2 from seed 2
[CLIENT 1] needs 6 more segments from file3
[CLIENT 1] requesting segment 69 from file3
[DOWNLOAD CLIENT 1] querying seed 3
[DOWNLOAD CLIENT 1] received reply 1 from seed 3
[DOWNLOAD CLIENT 1] querying seed 2
[UPLOAD CLIENT 1] received REQUEST_SEGMENT from 3
[UPLOAD CLIENT 1] accepted request for segment 76 from 3
[DOWNLOAD CLIENT 1] received reply 2 from seed 2
[CLIENT 1] needs 5 more segments from file3
[CLIENT 1] updating seeds
[DOWNLOAD CLIENT 1] requesting seeds for file3
[UPLOAD CLIENT 1] received REQUEST_SEGMENT from 2
[DOWNLOAD CLIENT 1] received 75 segments for file3
[UPLOAD CLIENT 1] received REQUEST_SEGMENT from 2
[CLIENT 1] requesting segment 70 from file3
[UPLOAD CLIENT 1] accepted request for segment 76 from 2
[UPLOAD CLIENT 1] received REQUEST_SEGMENT from 3
[UPLOAD CLIENT 1] accepted request for segment 77 from 3
[UPLOAD CLIENT 1] accepted request for segme[UPLOAD CLIENT 1] received REQUEST_SEGMENT from 2
[DOWNLOAD CLIENT 1] querying seed 2
[UPLOAD CLIENT 1] received REQUEST_SEGMENT from 2
[DOWNLOAD CLIENT 1] received reply 2 from seed 2
[UPLOAD CLIENT 1] accepted request for segment 77 from 2
[DOWNLOAD CLIENT 1] received reply 2 from seed 2
[UPLOAD CLIENT 1] received REQUEST_SEGMENT from 3
[CLIENT 1] needs 4 more segments from file3
[UPLOAD CLIENT 1] received REQUEST_SEGMENT from 3
[CLIENT 1] requesting segment 71 from file3
[CLIENT 1] requesting segment 71 from file3
[UPLOAD CLIENT 1] accepted request for segment 78 from 3
[DOWNLOAD CLIENT 1] querying seed 3
[CLIENT 1] requesting segment 71 from file3
[UPLOAD CLIENT 1] accepted request for segment 78 from 3
[DOWNLOAD CLIENT 1] received reply 1 from seed 3
[DOWNLOAD CLIENT 1] querying seed 3
[DOWNLOAD CLIENT 1] received reply 1 from seed 3
[DOWNLOAD CLIENT 1] querying seed 2
[DOWNLOAD CLIENT 1] received reply 2 from seed 2
[CLIENT 1] needs 3 more segments from file3
[UPLOAD CLIENT 1] received REQUEST_SEGMENT from 2
[CLIENT 1] requesting segment 72 from file3
[UPLOAD CLIENT 1] accepted request for segment 79 from 2
[DOWNLOAD CLIENT 1] querying seed 2
[UPLOAD CLIENT 1] accepted request for segment 79 from 2
[UPLOAD CLIENT 1] received REQUEST_SEGMENT from 3
[UPLOAD CLIENT 1] accepted request for segment 79 from 3
[DOWNLOAD CLIENT 1] received reply 2 from seed 2
[CLIENT 1] needs 2 more segments from file3
[UPLOAD CLIENT 1] received REQUEST_SEGMENT from 2
[CLIENT 1] requesting segment 73 from file3
[UPLOAD CLIENT 1] accepted request for segment 80 from 2
[CLIENT 1] requesting segment 73 from file3
[DOWNLOAD CLIENT 1] querying seed 2
[DOWNLOAD CLIENT 1] received reply 2 from seed 2
[CLIENT 1] needs 1 more segments from file3
[CLIENT 1] requesting segment 74 from file3
[DOWNLOAD CLIENT 1] querying seed 3
[UPLOAD CLIENT 1] received REQUEST_SEGMENT from 3
[UPLOAD CLIENT 1] accepted request for segment 80 from 3
[DOWNLOAD CLIENT 1] received reply 1 from seed 3
[DOWNLOAD CLIENT 1] querying seed 3
[UPLOAD CLIENT 1] received REQUEST_SEGMENT from 2
[UPLOAD CLIENT 1] accepted request for segment 81 from 2
[UPLOAD CLIENT 1] received REQUEST_SEGMENT from 3
[DOWNLOAD CLIENT 1] received reply 1 from seed 3
[UPLOAD CLIENT 1] accepted request for segment 81 from 3
[DOWNLOAD CLIENT 1] received reply 1 from seed 3
[DOWNLOAD CLIENT 1] querying seed 3
[UPLOAD CLIENT 1] received REQUEST_SEGMENT from 2
[UPLOAD CLIENT 1] accepted request for segment 82 from 2
[DOWNLOAD CLIENT 1] received reply 1 from seed 3
[DOWNLOAD CLIENT 1] querying seed 2
[DOWNLOAD CLIENT 1] received reply 2 from seed 2
[UPLOAD CLIENT 1] received REQUEST_SEGMENT from 3
[CLIENT 1] needs 0 more segments from file3
[CLIENT 1] finished downloading file3
[CLIENT 1] finished downloading file3
MENT from 3
[UPLOAD CLIENT 1] accepted request for segment 83 from 3
[UPLOAD CLIENT 1] received REQUEST_SEGMENT from 2
[UPLOAD CLIENT 1] accepted request for segment 83 from 2
[UPLOAD CLIENT 1] received REQUEST_SEGMENT from 2
[UPLOAD CLIENT 1] accepted request for segment 84 from 2
[UPLOAD CLIENT 1] received REQUEST_SEGMENT from 2
[UPLOAD CLIENT 1] accepted request for segment 85 from 2
[UPLOAD CLIENT 1] received REQUEST_SEGMENT from 3
[UPLOAD CLIENT 1] accepted request for segment 84 from 3
[UPLOAD CLIENT 1] received REQUEST_SEGMENT from 2
[UPLOAD CLIENT 1] accepted request for segment 86 from 2
[UPLOAD CLIENT 1] received REQUEST_SEGMENT from 3
[UPLOAD CLIENT 1] accepted request for segment 86 from 3
[UPLOAD CLIENT 1] received REQUEST_SEGMENT from 2
[UPLOAD CLIENT 1] accepted request for segment 87 from 2
[UPLOAD CLIENT 1] received REQUEST_SEGMENT from 3
[UPLOAD CLIENT 1] accepted request for segment 88 from 3
[UPLOAD CLIENT 1] received REQUEST_SEGMENT from 2
[UPLOAD CLIENT 1] accepted request for segment 88 from 2
[UPLOAD CLIENT 1] received REQUEST_SEGMENT from 3
[UPLOAD CLIENT 1] accepted request for segment 89 from 3
[UPLOAD CLIENT 1] received REQUEST_SEGMENT from 2
[UPLOAD CLIENT 1] accepted request for segment 89 from 2
[UPLOAD CLIENT 1] received REQUEST_SEGMENT from 2
[UPLOAD CLIENT 1] accepted request for segment 90 from 2
[UPLOAD CLIENT 1] received REQUEST_SEGMENT from 2
[UPLOAD CLIENT 1] accepted request for segment 91 from 2
[UPLOAD CLIENT 1] received REQUEST_SEGMENT from 2
[UPLOAD CLIENT 1] accepted request for segment 92 from 2
[UPLOAD CLIENT 1] received REQUEST_SEGMENT from 3
[UPLOAD CLIENT 1] accepted request for segment 92 from 3
[UPLOAD CLIENT 1] received REQUEST_SEGMENT from 3
[UPLOAD CLIENT 1] accepted request for segment 93 from 3
[UPLOAD CLIENT 1] received REQUEST_SEGMENT from 2
[UPLOAD CLIENT 1] accepted request for segment 93 from 2
[UPLOAD CLIENT 1] received REQUEST_SEGMENT from 3
[UPLOAD CLIENT 1] accepted request for segment 94 from 3
[UPLOAD CLIENT 1] received REQUEST_SEGMENT from 3
[UPLOAD CLIENT 1] accepted request for segment 95 from 3
[UPLOAD CLIENT 1] received REQUEST_SEGMENT from 2
[UPLOAD CLIENT 1] accepted request for segment 95 from 2
[UPLOAD CLIENT 1] received REQUEST_SEGMENT from 3
[UPLOAD CLIENT 1] accepted request for segment 96 from 3
[UPLOAD CLIENT 1] received REQUEST_SEGMENT from 3
[UPLOAD CLIENT 1] accepted request for segment 97 from 3
[UPLOAD CLIENT 1] received REQUEST_SEGMENT from 2
[UPLOAD CLIENT 1] accepted request for segment 97 from 2
[UPLOAD CLIENT 1] received REQUEST_SEGMENT from 3
[UPLOAD CLIENT 1] accepted request for segment 98 from 3
[UPLOAD CLIENT 1] received REQUEST_SEGMENT from 3
[UPLOAD CLIENT 1] accepted request for segment 99 from 3
[UPLOAD CLIENT 1] received REQUEST_SEGMENT from 3
[UPLOAD CLIENT 1] accepted request for segment 0 from 3
[UPLOAD CLIENT 1] received REQUEST_SEGMENT from 3
[UPLOAD CLIENT 1] accepted request for segment 1 from 3
[UPLOAD CLIENT 1] received REQUEST_SEGMENT from 3
[UPLOAD CLIENT 1] accepted request for segment 2 from 3
[UPLOAD CLIENT 1] received REQUEST_SEGMENT from 3
[UPLOAD CLIENT 1] accepted request for segment 3 from 3
[UPLOAD CLIENT 1] received REQUEST_SEGMENT from 3
[UPLOAD CLIENT 1] accepted request for segment 4 from 3
[UPLOAD CLIENT 1] received REQUEST_SEGMENT from 3
[UPLOAD CLIENT 1] accepted request for segment 5 from 3
[UPLOAD CLIENT 1] received REQUEST_SEGMENT from 3
[UPLOAD CLIENT 1] accepted request for segment 6 from 3
[UPLOAD CLIENT 1] received REQUEST_SEGMENT from 3
[UPLOAD CLIENT 1] accepted request for segment 7 from 3
[UPLOAD CLIENT 1] received REQUEST_SEGMENT from 3
[UPLOAD CLIENT 1] accepted request for segment 8 from 3
[UPLOAD CLIENT 1] received REQUEST_SEGMENT from 3
[UPLOAD CLIENT 1] accepted request for segment 9 from 3
[UPLOAD CLIENT 1] received REQUEST_SEGMENT from 3
[UPLOAD CLIENT 1] accepted request for segment 10 from 3
[UPLOAD CLIENT 1] received REQUEST_SEGMENT from 3
[UPLOAD CLIENT 1] accepted request for segment 11 from 3
[UPLOAD CLIENT 1] received REQUEST_SEGMENT from 3
[UPLOAD CLIENT 1] accepted request for segment 12 from 3
[UPLOAD CLIENT 1] received REQUEST_SEGMENT from 3
[UPLOAD CLIENT 1] accepted request for segment 13 from 3
[UPLOAD CLIENT 1] received REQUEST_SEGMENT from 3
[UPLOAD CLIENT 1] accepted request for segment 14 from 3
[UPLOAD CLIENT 1] received REQUEST_SEGMENT from 3
[UPLOAD CLIENT 1] accepted request for segment 15 from 3
[UPLOAD CLIENT 1] received REQUEST_SEGMENT from 3
[UPLOAD CLIENT 1] accepted request for segment 16 from 3
[UPLOAD CLIENT 1] received REQUEST_SEGMENT from 3
[UPLOAD CLIENT 1] accepted request for segment 17 from 3
[UPLOAD CLIENT 1] received REQUEST_SEGMENT from 3
[UPLOAD CLIENT 1] accepted request for segment 18 from 3
[UPLOAD CLIENT 1] received REQUEST_SEGMENT from 3
[UPLOAD CLIENT 1] accepted request for segment 19 from 3
[UPLOAD CLIENT 1] received REQUEST_SEGMENT from 3
[UPLOAD CLIENT 1] accepted request for segment 20 from 3
[UPLOAD CLIENT 1] received REQUEST_SEGMENT from 3
[UPLOAD CLIENT 1] accepted request for segment 21 from 3
[UPLOAD CLIENT 1] received REQUEST_SEGMENT from 3
[UPLOAD CLIENT 1] accepted request for segment 22 from 3
[UPLOAD CLIENT 1] received REQUEST_SEGMENT from 3
[UPLOAD CLIENT 1] accepted request for segment 23 from 3
[UPLOAD CLIENT 1] received REQUEST_SEGMENT from 3
[UPLOAD CLIENT 1] accepted request for segment 24 from 3
[UPLOAD CLIENT 1] received REQUEST_SEGMENT from 3
[UPLOAD CLIENT 1] accepted request for segment 25 from 3
[UPLOAD CLIENT 1] received REQUEST_SEGMENT from 3
[UPLOAD CLIENT 1] accepted request for segment 26 from 3
[UPLOAD CLIENT 1] received REQUEST_SEGMENT from 3
[UPLOAD CLIENT 1] accepted request for segment 27 from 3
[UPLOAD CLIENT 1] received REQUEST_SEGMENT from 3
[UPLOAD CLIENT 1] accepted request for segment 28 from 3
[UPLOAD CLIENT 1] received REQUEST_SEGMENT from 3
[UPLOAD CLIENT 1] accepted request for segment 29 from 3
[UPLOAD CLIENT 1] received REQUEST_SEGMENT from 3
[UPLOAD CLIENT 1] accepted request for segment 30 from 3
[UPLOAD CLIENT 1] received REQUEST_SEGMENT from 3
[UPLOAD CLIENT 1] accepted request for segment 31 from 3
[UPLOAD CLIENT 1] received REQUEST_SEGMENT from 3
[UPLOAD CLIENT 1] accepted request for segment 32 from 3
[UPLOAD CLIENT 1] received REQUEST_SEGMENT from 3
[UPLOAD CLIENT 1] accepted request for segment 33 from 3
[UPLOAD CLIENT 1] received REQUEST_SEGMENT from 3
[UPLOAD CLIENT 1] accepted request for segment 34 from 3
[UPLOAD CLIENT 1] received REQUEST_SEGMENT from 3
[UPLOAD CLIENT 1] accepted request for segment 35 from 3
[UPLOAD CLIENT 1] received REQUEST_SEGMENT from 3
[UPLOAD CLIENT 1] accepted request for segment 36 from 3
[UPLOAD CLIENT 1] received REQUEST_SEGMENT from 3
[UPLOAD CLIENT 1] accepted request for segment 37 from 3
[UPLOAD CLIENT 1] received REQUEST_SEGMENT from 3
[UPLOAD CLIENT 1] accepted request for segment 38 from 3
[UPLOAD CLIENT 1] received REQUEST_SEGMENT from 3
[UPLOAD CLIENT 1] accepted request for segment 39 from 3
[UPLOAD CLIENT 1] received REQUEST_SEGMENT from 3
[UPLOAD CLIENT 1] accepted request for segment 40 from 3
[UPLOAD CLIENT 1] received REQUEST_SEGMENT from 3
[UPLOAD CLIENT 1] accepted request for segment 41 from 3
[UPLOAD CLIENT 1] received REQUEST_SEGMENT from 3
[UPLOAD CLIENT 1] accepted request for segment 42 from 3
[UPLOAD CLIENT 1] received REQUEST_SEGMENT from 3
[UPLOAD CLIENT 1] accepted request for segment 43 from 3
[UPLOAD CLIENT 1] received REQUEST_SEGMENT from 3
[UPLOAD CLIENT 1] accepted request for segment 44 from 3
[UPLOAD CLIENT 1] received REQUEST_SEGMENT from 3
[UPLOAD CLIENT 1] accepted request for segment 45 from 3
[UPLOAD CLIENT 1] received REQUEST_SEGMENT from 3
[UPLOAD CLIENT 1] accepted request for segment 46 from 3
[UPLOAD CLIENT 1] received REQUEST_SEGMENT from 3
[UPLOAD CLIENT 1] accepted request for segment 47 from 3
[UPLOAD CLIENT 1] received REQUEST_SEGMENT from 3
[UPLOAD CLIENT 1] accepted request for segment 48 from 3
[UPLOAD CLIENT 1] received REQUEST_SEGMENT from 3
[UPLOAD CLIENT 1] accepted request for segment 49 from 3
[UPLOAD CLIENT 1] received REQUEST_SEGMENT from 3
[UPLOAD CLIENT 1] accepted request for segment 0 from 3
[UPLOAD CLIENT 1] received REQUEST_SEGMENT from 3
[UPLOAD CLIENT 1] accepted request for segment 3 from 3
[UPLOAD CLIENT 1] received REQUEST_SEGMENT from 3
[UPLOAD CLIENT 1] accepted request for segment 4 from 3
[UPLOAD CLIENT 1] received REQUEST_SEGMENT from 3
[UPLOAD CLIENT 1] accepted request for segment 7 from 3
[UPLOAD CLIENT 1] received REQUEST_SEGMENT from 3
[UPLOAD CLIENT 1] accepted request for segment 8 from 3
[UPLOAD CLIENT 1] received REQUEST_SEGMENT from 3
[UPLOAD CLIENT 1] accepted request for segment 10 from 3
[UPLOAD CLIENT 1] received REQUEST_SEGMENT from 3
[UPLOAD CLIENT 1] accepted request for segment 12 from 3
[UPLOAD CLIENT 1] received REQUEST_SEGMENT from 3
[UPLOAD CLIENT 1] accepted request for segment 13 from 3
[UPLOAD CLIENT 1] received REQUEST_SEGMENT from 3
[UPLOAD CLIENT 1] accepted request for segment 17 from 3
[UPLOAD CLIENT 1] received REQUEST_SEGMENT from 3
[UPLOAD CLIENT 1] accepted request for segment 20 from 3
[UPLOAD CLIENT 1] received REQUEST_SEGMENT from 3
[UPLOAD CLIENT 1] accepted request for segment 21 from 3
[UPLOAD CLIENT 1] received REQUEST_SEGMENT from 3
[UPLOAD CLIENT 1] accepted request for segment 22 from 3
[UPLOAD CLIENT 1] received REQUEST_SEGMENT from 3
[UPLOAD CLIENT 1] accepted request for segment 26 from 3
[UPLOAD CLIENT 1] received REQUEST_SEGMENT from 3
[UPLOAD CLIENT 1] accepted request for segment 28 from 3
[UPLOAD CLIENT 1] received REQUEST_SEGMENT from 3
[UPLOAD CLIENT 1] accepted request for segment 29 from 3
[UPLOAD CLIENT 1] received REQUEST_SEGMENT from 3
[UPLOAD CLIENT 1] accepted request for segment 30 from 3
[UPLOAD CLIENT 1] received REQUEST_SEGMENT from 3
[UPLOAD CLIENT 1] accepted request for segment 31 from 3
[UPLOAD CLIENT 1] received REQUEST_SEGMENT from 3
[UPLOAD CLIENT 1] accepted request for segment 32 from 3
[UPLOAD CLIENT 1] received REQUEST_SEGMENT from 3
[UPLOAD CLIENT 1] accepted request for segment 34 from 3
[UPLOAD CLIENT 1] received REQUEST_SEGMENT from 3
[UPLOAD CLIENT 1] accepted request for segment 36 from 3
[UPLOAD CLIENT 1] received REQUEST_SEGMENT from 3
[UPLOAD CLIENT 1] accepted request for segment 37 from 3
[UPLOAD CLIENT 1] received REQUEST_SEGMENT from 3
[UPLOAD CLIENT 1] accepted request for segment 39 from 3
[UPLOAD CLIENT 1] received REQUEST_SEGMENT from 3
[UPLOAD CLIENT 1] accepted request for segment 40 from 3
[UPLOAD CLIENT 1] received REQUEST_SEGMENT from 3
[UPLOAD CLIENT 1] accepted request for segment 45 from 3
[UPLOAD CLIENT 1] received REQUEST_SEGMENT from 3
[UPLOAD CLIENT 1] accepted request for segment 46 from 3
[UPLOAD CLIENT 1] received REQUEST_SEGMENT from 3
[UPLOAD CLIENT 1] accepted request for segment 47 from 3
[UPLOAD CLIENT 1] received REQUEST_SEGMENT from 3
[UPLOAD CLIENT 1] accepted request for segment 48 from 3
[UPLOAD CLIENT 1] received REQUEST_SEGMENT from 3
[UPLOAD CLIENT 1] accepted request for segment 50 from 3
[UPLOAD CLIENT 1] received REQUEST_SEGMENT from 3
[UPLOAD CLIENT 1] accepted request for segment 51 from 3
[UPLOAD CLIENT 1] received REQUEST_SEGMENT from 3
[UPLOAD CLIENT 1] accepted request for segment 52 from 3
[UPLOAD CLIENT 1] received REQUEST_SEGMENT from 3
[UPLOAD CLIENT 1] accepted request for segment 54 from 3
[UPLOAD CLIENT 1] received REQUEST_SEGMENT from 3
[UPLOAD CLIENT 1] accepted request for segment 55 from 3
[UPLOAD CLIENT 1] received REQUEST_SEGMENT from 3
[UPLOAD CLIENT 1] accepted request for segment 56 from 3
[UPLOAD CLIENT 1] received REQUEST_SEGMENT from 3
[UPLOAD CLIENT 1] accepted request for segment 57 from 3
[UPLOAD CLIENT 1] received REQUEST_SEGMENT from 3
[UPLOAD CLIENT 1] accepted request for segment 58 from 3
[UPLOAD CLIENT 1] received REQUEST_SEGMENT from 3
[UPLOAD CLIENT 1] accepted request for segment 60 from 3
[UPLOAD CLIENT 1] received REQUEST_SEGMENT from 3
[UPLOAD CLIENT 1] accepted request for segment 63 from 3
[UPLOAD CLIENT 1] received REQUEST_SEGMENT from 3
[UPLOAD CLIENT 1] accepted request for segment 64 from 3
[UPLOAD CLIENT 1] received REQUEST_SEGMENT from 3
[UPLOAD CLIENT 1] accepted request for segment 65 from 3
[UPLOAD CLIENT 1] received REQUEST_SEGMENT from 3
[UPLOAD CLIENT 1] accepted request for segment 66 from 3
[UPLOAD CLIENT 1] received REQUEST_SEGMENT from 3
[UPLOAD CLIENT 1] accepted request for segment 67 from 3
[UPLOAD CLIENT 1] received REQUEST_SEGMENT from 3
[UPLOAD CLIENT 1] accepted request for segment 69 from 3
[UPLOAD CLIENT 1] received LOG_OFF signal
