[CLIENT 2] opened log file
[CLIENT 2] parsing input file in2.txt
[CLIENT 2] parsed 1 owned files and 1 desired files
[CLIENT 2] received ACK from TRACKER.
[CLIENT 2] starting download
[DOWNLOAD CLIENT 2] requesting seeds for file1
[DOWNLOAD CLIENT 2] received 100 segments for file1
[CLIENT 2] File file1 has following seeds: 2 1 
[CLIENT 2] requesting segment 0 from file1
[UPLOAD CLIENT 2] received REQUEST_SEGMENT from 1
[DOWNLOAD CLIENT 2] querying seed 1
[UPLOAD CLIENT 2] received REQUEST_SEGMENT from 1
[UPLOAD CLIENT 2] accepted request for segment 0 from 1
[DOWNLOAD CLIENT 2] received reply 2 from seed 1
[CLIENT 2] needs 99 more segments from file1
[CLIENT 2] requesting segment 1 from file1
[DOWNLOAD CLIENT 2] querying seed 1
[UPLOAD CLIENT 2] received REQUEST_SEGMENT from 1
[UPLOAD CLIENT 2] accepted request for segment 1 from 1
[DOWNLOAD CLIENT 2] received reply 2 from seed 1
[CLIENT 2] needs 98 more segments from file1
[CLIENT 2] requesting segment 2 from file1
[DOWNLOAD CLIENT 2] querying seed 1
[UPLOAD CLIENT 2] received REQUEST_SEGMENT from 1
[UPLOAD CLIENT 2] accepted request for segment 2 from 1
2] received reply 2 from seed 1
[CLIENT 2] needs 97 more segments from file1
[CLIENT 2] requesting segment 3 from file1
[DOWNLOAD CLIENT 2] querying seed 1
[UPLOAD CLIENT 2] received REQUEST_SEGMENT from 1
[UPLOAD CLIENT 2] accepted request for segment 3 from 1
[DOWNLOAD CLIENT 2] received reply 2 from seed 1
[CLIENT 2] needs 96 more segments from file1
[CLIENT 2] requesting segment 4 from file1
[DOWNLOAD CLIENT 2] querying seed 1
[UPLOAD CLIENT 2] received REQUEST_SEGMENT from 1
[UPLOAD CLIENT 2] accepted request for segment 4 from 1
[UPLOAD CLIENT 2] received REQUEST_SEGMENT from 3
[DOWNLOAD CLIENT 2] received reply 2 from seed 1
[UPLOAD CLIENT 2] accepted request for segment 0 from 3
[UPLOAD CLIENT 2] received REQUEST_SEGMENT from 1
[UPLOAD CLIENT 2] accepted request for segment 5 from 1
[UPLOAD CLIENT 2] accepted request for segment 5 [CLIENT 2] needs 95 more segments from file1
[CLIENT 2] requesting segment 5 from file1
[DOWNLOAD CLIENT 2] querying seed 1
[UPLOAD CLIENT 2] received REQUEST_SEGMENT from 3
[DOWNLOAD CLIENT 2] received reply 2 from seed 1
2] accepted request for segment 1 from 3
[CLIENT 2] needs 94 more segments from file1
2] accepted request for segment 1 from 3
[CLIENT 2] requesting segment 6 from file1
[UPLOAD CLIENT 2] received REQUEST_SEGMENT from 1
[UPLOAD CLIENT 2] accepted request for segm[DOWNLOAD CLIENT 2] querying seed 1
[DOWNLOAD CLIENT 2] querying seed 1
or segment 6 from 1
[DOWNLOAD CLIENT 2] received reply 2 from seed 1
[CLIENT 2] needs 93 more segments from file1
[CLIENT 2] requesting segment 7 from file1
[DOWNLOAD CLIENT 2] querying seed 1
[UPLOAD CLIENT 2] received REQUEST_SEGMENT from 1
[UPLOAD CLIENT 2] accepted request for segment 7 from 1
[DOWNLOAD CLIENT 2] received reply 2 from seed 1
[CLIENT 2] needs 92 more segments from file1
[CLIENT 2] requesting segment 8 from file1
[DOWNLOAD CLIENT 2] querying seed 1
[UPLOAD CLIENT 2] received REQUEST_SEGMENT from 1
[UPLOAD CLIENT 2] accepted request for segment 8 from 1
[DOWNLOAD CLIENT 2] received reply 2 from seed 1
[CLIENT 2] needs 91 more segments from file1
[CLIENT 2] requesting segment 9 from file1
[DOWNLOAD CLIENT 2] querying seed 1
[UPLOAD CLIENT 2] received REQUEST_SEGMENT from 3
[UPLOAD CLIENT 2] accepted request for segment 4 from 3
[DOWNLOAD CLIENT 2] received reply 2 from seed 1
[UPLOAD CLIENT 2] received REQUEST_SEGMENT from 1
[CLIENT 2] needs 90 more segments from file1
[UPLOAD CLIENT 2] accepted request for segment 9 from 1
[CLIENT 2] needs 90 more segments from file1
[CLIENT 2] updating seeds
[DOWNLOAD CLIENT 2] requesting seeds for file1
[DOWNLOAD CLIENT 2] received 100 segments for file1
[CLIENT 2] requesting segment 10 from file1
[DOWNLOAD CLIENT 2] querying seed 3
[DOWNLOAD CLIENT 2] received reply 1 from seed 3
[DOWNLOAD CLIENT 2] querying seed 3
[DOWNLOAD CLIENT 2] received reply 1 from seed 3
[DOWNLOAD CLIENT 2] querying seed 1
[DOWNLOAD CLIENT 2] received reply 2 from seed 1
[CLIENT 2] needs 89 more segments from file1
[CLIENT 2] requesting segment 11 from file1
[DOWNLOAD CLIENT 2] querying seed 3
[UPLOAD CLIENT 2] received REQUEST_SEGMENT from 1
[UPLOAD CLIENT 2] accepted request for segment 10 from 1
[DOWNLOAD CLIENT 2] received reply 1 from seed 3
[DOWNLOAD CLIENT 2] querying seed 3
[UPLOAD CLIENT 2] received REQUEST_SEGMENT from 3
[UPLOAD CLIENT 2] accepted request for segment 8 from 3
[DOWNLOAD CLIENT 2] received reply 1 from seed 3
[DOWNLOAD CLIENT 2] querying seed 3
[UPLOAD CLIENT 2] received REQUEST_SEGMENT from 1
[UPLOAD CLIENT 2] accepted request for segment 11 from 1
[DOWNLOAD CLIENT 2] received reply 1 from seed 3
[DOWNLOAD CLIENT 2] querying seed 1
[DOWNLOAD CLIENT 2] received reply 2 from seed 1
[CLIENT 2] needs 88 more segments from file1
[CLIENT 2] requesting segment 12 from file1
[DOWNLOAD CLIENT 2] querying seed 1
[DOWNLOAD CLIENT 2] received reply 2 from seed 1
[CLIENT 2] needs 87 more segments from file1
[CLIENT 2] requesting segment 13 from file1
[DOWNLOAD CLIENT 2] querying seed 1
[UPLOAD CLIENT 2] received REQUEST_SEGMENT from 1
[DOWNLOAD CLIENT 2] received reply 2 from seed 1
[UPLOAD CLIENT 2] accepted request for segment 12 from 1
[UPLOAD 86 more segments from file1
[CLIENT 2] requesting segment 14 from file1
[DOWNLOAD CLIENT 2] querying seed 1
[UPLOAD CLIENT 2] received REQUEST_SEGMENT from 1
[UPLOAD CLIENT 2] accepted request for segment 13 from 1
[DOWNLOAD CLIENT 2] received reply 2 from seed 1
[CLIENT 2] needs 85 more segments from file1
[CLIENT 2] requesting segment 15 from file1
[DOWNLOAD CLIENT 2] querying seed 3
[DOWNLOAD CLIENT 2] received reply 1 from seed 3
[DOWNLOAD CLIENT 2] querying seed 3
[UPLOAD CLIENT 2] received REQUEST_SEGMENT from 1
[DOWNLOAD CLIENT [UPLOAD CLIENT 2] received reply 2] accepted request for segment 1 from seed 14 from 3
1
[DOWNLOAD CLIENT [UPLOAD CLIENT 2] received reply 2] accepted request for segment 1 from seed 14 from 3
[DOWNLOAD CLIENT 2] querying seed 3
[DOWNLOAD CLIENT 2] received reply 1 from seed 3
[DOWNLOAD CLIENT 2] querying seed 1
[DOWNLOAD CLIENT 2] received reply 2 from seed 1
[CLIENT 2] needs 84 more segments from file1
[CLIENT 2] requesting segment 16 from file1
[DOWNLOAD CLIENT 2] querying seed 3
[DOWNLOAD CLIENT 2] received reply 1 from seed 3
[DOWNLOAD CLIENT 2] querying seed 1
[UPLOAD CLIENT 2] received REQUEST_SEGMENT from 1
[UPLOAD CLIENT 2] accepted request for segment 15 from 1
[DOWNLOAD CLIENT 2] received reply 2 from seed 1
[CLIENT 2] needs 83 more segments from file1
[CLIENT 2] requesting segment 17 from file1
[DOWNLOAD CLIENT 2] querying seed 1
[DOWNLOAD CLIENT 2] received reply 2 from seed 1
[CLIENT 2] needs 82 more segments from file1
[UPLOAD CLIENT 2] received REQUEST_SEGMENT from 1
[UPLOAD CLIENT 2] rec18 from file1
[UPLOAD CLIENT 2] accepted request for segment 16 from 1
[UPLOAD CLIENT 2] rec18 from file1
[DOWNLOAD CLIENT 2] querying seed 1
[DOWNLOAD CLIENT 2] received reply 2 from seed 1
[CLIENT 2] needs 81 more segments from file1
[UPLOAD CLIENT 2] received REQUEST_SEGMENT from 1
[UPLO
[UPLOAD CLIENT 2] accepted request for segment 17 from 1
[UPLO
[DOWNLOAD CLIENT 2] querying seed 3
[UPLOAD CLIENT 2] received REQUEST_SEGMENT from 1
[DOWNLOAD CLIENT 2] received reply 1 from seed 3
[UPLOAD CLIENT 2] accepted request for segment 18 from 1
[DOWNLOAD CLIENT 2] received reply 1 from seed 3
[DOWNLOAD CLIENT 2] querying seed 1
[DOWNLOAD CLIENT 2] received reply 2 from seed 1
[CLIENT 2] needs 80 more segments from file1
[CLIENT 2] updating seeds
[DOWNLOAD CLIENT 2] requesting seeds for file1
[UPLOAD CLIENT 2] received REQUEST_SEGMENT from 1
[UPLOAD CLIENT 2] accepted request for segment 19 from 1
[DOWNLOAD CLIENT 2] received 100 segments for file1
[CLIENT 2] requesting segment 20 from file1
[DOWNLOAD CLIENT 2] querying seed 1
[DOWNLOAD CLIENT 2] received reply 2 from seed 1
[CLIENT 2] needs 79 more segments from file1
[UPLOAD CLIENT 2] received REQUEST_SEGMENT from 1
2] requesting segment 21 from file1
[UPLOAD CLIENT 2] accepted request for segment 20 from 1
2] requesting segment 21 from file1
[DOWNLOAD CLIENT 2] querying seed 1
[DOWNLOAD CLIENT 2] received reply 2 from seed 1
[CLIENT 2] needs 78 more segments from file1
[CLIENT 2] requesting segment 22 from file1
[DOWNLOAD CLIENT 2] querying seed 3
[DOWNLOAD CLIENT 2] received reply 1 from seed 3
[DOWNLOAD CLIENT 2] querying seed 1
[DOWNLOAD CLIENT 2] received reply 2 from seed 1
[CLIENT 2] needs 77 more segments from file1
[CLIENT 2] requesting segment 23 from file1
[DOWNLOAD CLIENT 2] querying seed 3
[UPLOAD CLIENT 2] received REQUEST_SEGMENT from 3
[UPLOAD CLIENT 2] accepted request for segment 12 from 3
[DOWNLOAD CLIENT 2] received reply 1 from seed 3
[DOWNLOAD CLIENT 2] querying seed 3
[UPLOAD CLIENT 2] received REQUEST_SEGMENT from 1
[UPLOAD CLIENT 2] accepted request for segment 21 from 1
[UPLOAD CLIENT 2] received REQUEST_SEGMENT from 3
[UPLOAD CLIENT 2] accepted request for segment 13 from 3
[DOWNLOAD CLIENT 2] received reply 1 from seed 3
[DOWNLOAD CLIENT 2] querying seed 1
[UPLOAD CLIENT 2] received REQUEST_SEGMENT from 3
[UPLOAD CLIENT 2] accepted request for segment 14 from 3
[DOWNLOAD CLIENT 2] received reply 2 from seed 1
[UPLOAD CLIENT 2] received REQUEST_SEGMENT from 1
[UPLOAD CLIENT 2] accepted request for segment 22 from 1
[UPLOAD CLIENT 2] accepted request for segment 22[CLIENT 2] needs 76 more segments from file1
[CLIENT 2] requesting segment 24 from file1
[UPLOAD CLIENT 2] received REQUEST_SEGMENT from 3
[DOWNLOAD CLIENT 2] querying seed 1
[UPLOAD CLIENT 2] received REQUEST_SEGMENT from 3
[UPLOAD CLIENT 2] accepted request for segment 15 from 3
[DOWNLOAD CLIENT 2] received reply 2 from seed 1
[CLIENT 2] needs 75 more segments from file1
[CLIENT 2] requesting segment 25 from file1
[DOWNLOAD CLIENT 2] querying seed 3
[DOWNLOAD CLIEN2] received REQUEST_SEGMENT from 3
[DOWNLOAD CLIENT 2] received reply 1 from seed 3
[UPLOAD CLIENT 2] accepted request for segment 16 from 3
[DOWNLOAD CLIENT 2] received reply 1 from seed 3
[DOWNLOAD CLIENT 2] querying seed 3
[DOWNLOAD CLIENT 2] received reply 1 from seed 3
[DOWNLOAD CLIENT 2] querying seed 3
[UPLOAD CLIENT 2] received REQUEST_SEGMENT from 3
[UPLOAD CLIENT 2] accepted request for segment 18 from 3
[DOWNLOAD CLIENT 2] received reply 1 from seed 3
[UPLOAD CLIENT 2] received REQUEST_SEGMENT from 1
[DOWNLOAD CLIENT 2] querying seed 3
[UPLOAD CLIENT 2] received REQUEST_SEGMENT from 1
[UPLOAD CLIENT 2] accepted request for segment 23 from 1
[DOWNLOAD CLIENT 2] received reply 1 from seed 3
[DOWNLOAD CLIENT 2] querying seed 1
[DOWNLOAD CLIENT 2] received reply 2 from seed 1
[UPLOAD CLIENT 2] received REQUEST_SEGMENT from 1
[CLIENT 2] needs 74 more segments from file1
[UPLOAD CLIENT 2] received REQUEST_SEGMENT from 1
[CLIENT 2] requesting segment 26 from file1
[UPLOAD CLIENT 2] accepted request for segment 24 from 1
[CLIENT 2] requesting segment 26 from file1
[DOWNLOAD CLIENT 2] querying seed 3
[DOWNLOAD CLIENT 2] received reply 1 from seed 3
[DOWNLOAD CLIENT 2] querying seed 1
[DOWNLOAD CLIENT 2] received reply 2 from seed 1
[UPLOAD CLIENT 2] received REQUEST_SEGMENT from 3
2] needs 73 more segments from file1
[UPLOAD CLIENT 2] accepted request for segment 20 from 3
2] needs 73 more segments from file1
[CLIENT 2] requesting segment 27 from file1
[DOWNLOAD CLIENT 2] querying seed 1
[UPLOAD CLIENT 2] received REQUEST_SEGMENT from 3
[UPLOAD CLIENT 2] accepted request for segment 21 from 3
[DOWNLOAD CLIENT 2] received reply 2 from seed 1
[CLIENT 2] needs 72 more segments from file1
[CLIENT 2] requesting segment 28 from file1
[DOWNLOAD CLIENT 2] querying seed 3
[DOWNLOAD CLIENT 2] received reply 1 from seed 3
[DOWNLOAD CLIENT 2] querying seed 3
[DOWNLOAD CLIENT 2] received reply 1 from seed 3
[DOWNLOAD CLIENT 2] querying seed 1
[DOWNLOAD CLIENT 2] received reply 2 from seed 1
[UPLOAD CLIENT 2] received REQUEST_SEGMENT from 3
[CLIENT 2] needs 71 more segments from file1
[UPLOAD CLIENT 2] received REQUEST_SEGMENT from 3
[CLIENT 2] requesting segment 29 from file1
[UPLOAD CLIENT 2] accepted request for segment 24 from 3
[CLIENT 2] requesting segment 29 from file1
[UPLOAD CLIENT 2] received REQUEST_SEGMENT from 1
[DOWNLOAD CLIENT 2] querying seed 1
[UPLOAD CLIENT 2] received REQUEST_SEGMENT from 1
[DOWNLOAD CLIENT 2] received reply 2 from seed 1
2] accepted request for segment 25 from 1
[CLIENT 2] needs 70 more segments from file1
[CLIENT 2] updating seeds
[DOWNLOAD CLIENT 2] requesting seeds for file1
[DOWNLOAD CLIENT 2] requesting seeds for f[UPLOAD CLIENT 2] received REQUEST_SEGMENT from 3
[DOWNLOAD CLIENT 2] received 100 segments for file1
[UPLOAD CLIENT 2] accepted request for segment 26 from 3
[UPLOAD CLIENT 2] received REQUEST_SEGMENT from 1
[UPLOAD CLIENT 2] accepted request for segment 26 from 1
[UPLOAD CLIENT 2] accepted request for segment 26 fr[CLIENT 2] requesting segment 30 from file1
[DOWNLOAD CLIENT 2] querying seed 3
[UPLOAD CLIENT 2] received REQUEST_SEGMENT from 3
[UPLOAD CLIENT 2] accepted request for segment 27 from 3
[DOWNLOAD CLIENT 2] received reply 1 from seed 3
[DOWNLOAD CLIENT 2] querying seed 1
[UPLOAD CLIENT 2] received REQUEST_SEGMENT from 3
[UPLOAD CLIENT 2] accepted request for segment 28 from 3
[UPLOAD CLIENT 2] received REQUEST_SEGMENT from 1
[DOWNLOAD CLIENT 2] received reply 2 from seed 1
[UPLOAD CLIENT 2] accepted request for segment 27 from 1
[DOWNLOAD CLIENT 2] received reply 2 from seed 1
[CLIENT 2] needs 69 more segments from file1
[CLIENT 2] requesting segment 31 from file1
[DOWNLOAD CLIENT 2] querying seed 3
[DOWNLOAD CLIENT 2] received reply 1 from seed 3
[DOWNLOAD CLIENT 2] querying seed 3
[UPLOAD CLIENT 2] received REQUEST_SEGMENT from 1
[UPLOAD CLIENT 2] accepted request for segment 28 from 1
[DOWNLOAD CLIENT 2] received reply 1 from seed 3
[DOWNLOAD CLIENT 2] querying seed 3
[UPLOAD CLIENT 2] received REQUEST_SEGMENT from 1
[UPLOAD CLIENT 2] accepted request for segment 29 from 1
[UPLOAD CLIENT 2] received REQUEST_SEGMENT from 3[2] received reply 1 from seed 3
[UPLOAD CLIENT 2] accepted request for segment 30 from 3
2] received reply 1 from seed 3
[DOWNLOAD CLIENT 2] querying seed 1
[UPLOAD CLIENT 2] received REQUEST_SEGMENT from 1
[UPLOAD CLIENT 2] accepted request for segment 30 from 1
[DOWNLOAD CLIENT 2] received reply 2 from seed 1
[CLIENT 2] needs 68 more segments from file1
[CLIENT 2] requesting segment 32 from file1
[DOWNLOAD CLIENT 2] querying seed 1
[DOWNLOAD CLIENT 2] received reply 2 from seed 1
[CLIENT 2] needs 67 more segments from file1
[UPLOAD CLIENT 2] received REQUEST_SEGMENT from 1
[CLIENT 2] requesting segment 33 from file1
[UPLOAD CLIENT 2] accepted request for segment 31 from 1
[CLIENT 2] requesting segment 33 from file1
[DOWNLOAD CLIENT 2] querying seed 3
[DOWNLOAD CLIENT 2] received reply 1 from seed 3
[DOWNLOAD CLIENT 2] querying seed 1
[UPLOAD CLIENT 2] received REQUEST_SEGMENT from 1
[UPLOAD CLIENT 2] accepted request for segment 32 from 1
[UPLOAD CLIENT 2] received REQUEST_SEGMENT from 3
[UPLOAD CLIENT 2] declined request for segment 34 from 3
[DOWNLOAD CLIENT 2] received reply 2 from seed 1
[CLIENT 2] needs 66 more segments from file1
[CLIENT 2] requesting segment 34 from file1
[DOWNLOAD CLIENT 2] querying seed 3
[UPLOAD CLIENT 2] received REQUEST_SEGMENT from 1
[UPLOAD CLIENT 2] accepted request for segment 33 from 1
[UPLOAD CLIENT 2] received REQUEST_SEGMENT from 3
[DOWNLOAD CLIENT 2] received reply 1 from seed 3
[UPLOAD CLIENT 2] declined request for segment 34 from 3
[DOWNLOAD CLIENT 2] received reply 1 from seed 3
[DOWNLOAD CLIENT 2] querying seed 1
[DOWNLOAD CLIENT 2] received reply 2 from seed 1
[CLIENT 2] needs 65 more segments from file1
[CLIENT 2] requesting segment 35 from file1
[DOWNLOAD CLIENT 2] querying seed 3
[UPLOAD CLIENT 2] received REQUEST_SEGMENT from 1
[UPLOAD CLIENT 2] accepted request for segment 34 from 1
[DOWNLOAD CLIENT 2] received reply 2 from seed 3
[CLIENT 2] needs 64 more segments from file1
[UPLOAD CLIENT 2] received REQUEST_SEGMENT from 1
[CLIENT 2] requesting segment 36 from file1
[UPLOAD CLIENT 2] accepted request for segment 35 from 1
[CLIENT 2] requesting segment 36 from file1
[UPLOAD CLIENT 2] received REQUEST_SEGMENT from 3
[DOWNLOAD CLIENT 2] querying seed 3
[UPLOAD CLIENT 2] received REQUEST_SEGMENT from 3
[UPLOAD CLIENT 2] declined request for segment 36 from 3
[DOWNLOAD CLIENT 2] received reply 1 from seed 3
[UPLOAD CLIENT 2] received REQUEST_SEGMENT from 1
[UPLOAD CLIENT 2] accepted request for segment 36 from 1
[UPLOAD CLIENT 2] received REQUEST_SEGMENT from 3
[UPLOAD CLIENT 2] declined request for segment 36 from 3
[UPLOAD CLIENT 2] declined request for segment 36[DOWNLOAD CLIENT 2] querying seed 3
[UPLOAD CLIENT 2] received REQUEST_SEGMENT from 1
[UPLOAD CLIENT 2] accepted request for segment 37 from 1
[UPLOAD CLIENT 2] received REQUEST_SEGMENT from 3
[DOWNLOAD CLIENT 2] received reply 1 from seed 3
[UPLOAD CLIENT 2] declined request for segment 36 from 3
[UPLOAD CLIENT 2] received REQUEST_SEGMENT from 1
[UPLOAD CLIENT 2] accepted request for segment 38 from 1
[UPLOAD CLIENT 2] accepted request for segment 38[DOWNLOAD CLIENT 2] querying seed 1
[DOWNLOAD CLIENT 2] received reply 2 from seed 1
[CLIENT 2] needs 63 more segments from file1
[CLIENT 2] requesting segment 37 from file1
[DOWNLOAD CLIENT 2] querying seed 1
[UPLOAD CLIENT 2] received REQUEST_SEGMENT from 1
[UPLOAD CLIENT 2] accepted request for segment 39 from 1
[DOWNLOAD CLIENT 2] received reply 2 from seed 1
[CLIENT 2] needs 62 more segments from file1
[CLIENT 2] requesting segment 38 from file1
[UPLOAD CLIENT 2] received REQUEST_SEGMENT from 3
[DOWNLOAD CLIENT 2] querying seed 1
[UPLOAD CLIENT 2] received REQUEST_SEGMENT from 3
[DOWNLOAD CLIENT 2] received reply 2 from seed 1
[UPLOAD CLIENT 2] declined request for segment 38 from 3
[DOWNLOAD CLIENT 2] received reply 2 from seed 1
[UPLOAD CLIENT 2] received REQUEST_SEGMENT from 1
[CLIENT 2] needs 61 more segments from file1
[UPLOAD CLIENT 2] accepted request for segment 40 from 1
[UPLOAD CLIENT 2] received REQUEST_SEGMENT from 3
[UPLOAD CLIENT 2] accepted request for segment 38 from 3
[UPLOAD CLIENT 2] accepted request for segmen[CLIENT 2] requesting segment 39 from file1
[UPLOAD CLIENT 2] received REQUEST_SEGMENT from 1
[DOWNLOAD CLIENT 2] querying seed 1
[UPLOAD CLIENT 2] received REQUEST_SEGMENT from 1
[UPLOAD CLIENT 2] accepted request for segment 41 from 1
[DOWNLOAD CLIENT 2] received reply 2 from seed 1
[CLIENT 2] needs 60 more segments from file1
[CLIENT 2] updating seeds
[DOWNLOAD CLIENT 2] requesting seeds for file1
[UPLOAD CLIENT 2] received REQUEST_SEGMENT from 1
[DOWNLOAD CLIENT 2] received 100 segments for file1
[UPLOAD CLIENT 2] accepted request for segment 42 from 1
[DOWNLOAD CLIENT 2] received 100 segments for file1
[UPLOAD CLIENT 2] received REQUEST_SEGMENT from 3
[CLIENT 2] requesting segment 40 from file1
[DOWNLOAD CLIENT 2] querying seed 3
[DOWNLOAD CLIENT 2] received reply 1 from seed 3
[DOWNLOAD CLIENT 2] querying seed 3
[DOWNLOAD CLIENT 2] received reply 1 from seed 3
[DOWNLOAD CLIENT 2] querying seed 3
[UPLOAD CLIENT 2] received REQUEST_SEGMENT from 1
[DOWNLOAD CLIENT 2] received reply 1 from seed 3
[UPLOAD CLIENT 2] accepted request for segment 43 from 1
[DOWNLOAD CLIENT 2] received reply 1 from seed 3
[DOWNLOAD CLIENT 2] querying seed 1
[UPLOAD CLIENT 2] received REQUEST_SEGMENT from 1
[UPLOAD CLIENT 2] accepted request for segment 44 from 1
[DOWNLOAD CLIENT 2] received reply 2 from seed 1
[CLIENT 2] needs 59 more segments from file1
[CLIENT 2] requesting segment 41 from file1
[DOWNLOAD CLIENT 2] querying seed 1
[DOWNLOAD CLIENT 2] received reply 2 from seed 1
[CLIENT 2] needs 58 more segments from file1
[CLIENT 2] requesting segment 42 from file1
[DOWNLOAD CLIENT 2] querying seed 1
[DOWNLOAD CLIENT 2] received reply 2 from seed 1
[CLIENT 2] needs 57 more segments from file1
[CLIENT 2] requesting segment 43 from file1
[DOWNLOAD CLIENT 2] querying seed 3
[UPLOAD CLIENT 2] received REQUEST_SEGMENT from 3
[UPLOAD CLIENT 2] accepted request for segment 42 from 3
[DOWNLOAD CLIENT 2] received reply 1 from seed 3
[DOWNLOAD CLIENT 2] querying seed 3
[UPLOAD CLIENT 2] received REQUEST_SEGMENT from 3
[UPLOAD CLIENT 2] declined request for segment 43 from 3
[UPLOAD CLIENT 2] received REQUEST_SEGMENT from 3
[DOWNLOAD CLIENT 2] received reply 1 from seed 3
[UPLOAD CLIENT 43 from 3
[DOWNLOAD CLIENT 2] querying seed 1
43 from 3
[UPLOAD CLIENT 2] received REQUEST_SEGMENT from 1
[DOWNLOAD CLIENT 2] received reply 2 from seed 1
[UPLOAD CLIENT 2] accepted request for segment 45 from 1
[UPLOAD CLIENT 2] received REQUEST_SEGMENT from 3
[UPLOAD CLIENT 2] declined request for segment 43 from 3
[UPLOAD CLIENT 2] declined request for segment 43[UPLOAD CLIENT 2] received REQUEST_SEGMENT from 3
[CLIENT 2] needs 56 more segments from file1
[CLIENT 2] requesting segment 44 from file1
[DOWNLOAD CLIENT 2] querying seed 1
[DOWNLOAD CLIENT 2] querying seed 1
m file1
rom 3
[UPLOAD CLIENT 2] accepted request for segment 43 from 3
[DOWNLOAD CLIENT 2] received reply 2 from seed 1
[CLIENT 2] needs 55 more segments from file1
[CLIENT 2] requesting segment 45 from file1
[DOWNLOAD CLIENT 2] querying seed 1
[UPLOAD CLIENT 2] received REQUEST_SEGMENT from 3
[UPLOAD CLIENT 2] accepted request for segment 44 from 3
[DOWNLOAD CLIENT 2] received reply 2 from seed 1
[UPLOAD CLIENT 2] received REQUEST_SEGMENT from 3
[CLIENT 2] needs 54 more segments from file1
[UPLOAD CLIENT 2] accepted request for segment 45 from 3
[CLIENT 2] needs 54 more segments from file1
[CLIENT 2] requesting segment 46 from file1
[DOWNLOAD CLIENT 2] querying seed 3
[DOWNLOAD CLIENT 2] received reply 1 from seed 3
[DOWNLOAD CLIENT 2] querying seed 3
[DOWNLOAD CLIENT 2] received reply 2 from seed 3
[CLIENT 2] needs 53 more segments from file1
[CLIENT 2] requesting segment 47 from file1
[DOWNLOAD CLIENT 2] querying seed 3
[DOWNLOAD CLIENT 2] received reply 2 from seed 3
[CLIENT 2] needs 52 more segments from file1
[CLIENT 2] requesting segment 48 from file1
[DOWNLOAD CLIENT 2] querying seed 1
[DOWNLOAD CLIENT 2] received reply 2 from seed 1
[UPLOAD CLIENT 2] received REQUEST_SEGMENT from [CLIENT 3
51 more segments from file1
[UPLOAD CLIENT 2] declined request for segment 49 from 3
51 more segments from file1
[UPLOAD CLIENT 2] received REQUEST_SEGMENT from 3
2] requesting segment 49 from file1
[UPLOAD CLIENT 2] declined request for segment 49 from 3
[UPLOAD CLIENT 2] received REQUEST_SEGMENT from 1
[UPLOAD CLIENT 2] accepted request for segment 46 from 1
[UPLOAD CLIENT 2] accepted request f[DOWNLOAD CLIENT 2] querying seed 3
[DOWNLOAD CLIENT 2] received reply 1 from seed 3
[DOWNLOAD CLIENT 2] querying seed 3
[UPLOAD CLIENT 2] received REQUEST_SEGMENT from 1
[UPLOAD CLIENT 2] accepted request for segment 47 from 1
[DOWNLOAD CLIENT 2] received reply 2 from seed 3
[UPLOAD CLIENT 2] received REQUEST_SEGMENT from 1
[CLIENT 2] needs 50 more segments from file1
[CLIENT 2] updating seeds
[DOWNLOAD CLIENT 2] requesting seeds for file1
[DOWNLOAD CLIENT 2] requesting seeds for file1
 1
[UPLOAD CLIENT 2] accepted request for segment 48 from 1
[DOWNLOAD CLIENT 2] received 100 segments for file1
[CLIENT 2] requesting segment 50 from file1
[DOWNLOAD CLIENT 2] querying seed 3
[DOWNLOAD CLIENT 2] received reply 1 from seed 3
[DOWNLOAD CLIENT 2] querying seed 3
[UPLOAD CLIENT 2] received REQUEST_SEGMENT from 1
[UPLOAD CLIENT 2] accepted request for segment 49 from 1
[DOWNLOAD CLIENT 2] received reply 1 from seed 3
[DOWNLOAD CLIENT 2] querying seed 1
[DOWNLOAD CLIENT 2] received reply 2 from seed 1
[CLIENT 2] needs 49 more segments from file1
[CLIENT 2] requesting segment 51 from file1
[DOWNLOAD CLIENT 2] querying seed 1
[UPLOAD CLIENT 2] received REQUEST_SEGMENT from 1
[UPLOAD CLIENT 2] accepted request for segment 50 from 1
[DOWNLOAD CLIENT 2] received reply 2 from seed 1
[CLIENT 2] needs 48 more segments from file1
[CLIENT 2] requesting segment 52 from file1
[DOWNLOAD CLIENT 2] querying seed 3
[DOWNLOAD CLIENT 2] received reply 2 from seed 3
[CLIENT 2] needs 47 more segments from file1
[UPLOAD CLIENT 2] received REQUEST_SEGMENT from 1
[CLIENT 2] requesting segment 53 from file1
[UPLOAD CLIENT 2] accepted request for segment 51 from 1
[CLIENT 2] requesting segment 53 from file1
[UPLOAD CLIENT 2] received REQUEST_SEGMENT from 3
[DOWNLOAD CLIENT 2] querying seed 1
[UPLOAD CLIENT 2] received REQUEST_SEGMENT from 3
[UPLOAD CLIENT 2] declined request for segment 54 from 3
[DOWNLOAD CLIENT 2] received reply 2 from seed 1
[CLIENT 2] needs 46 more segments from file1
[UPLOAD CLIENT 2] received REQUEST_SEGMENT from 1
[CLIENT 2] requesting segment 54 from file1
[UPLOAD CLIENT 2] accepted request for segment 52 from 1
[DOWNLOAD CLIENT 2] querying seed 3
[UPLOAD CLIENT 2] accepted request for segment 52 from 1
[UPLOAD CLIENT 2] received REQUEST_SEGMENT from 3
[UPLOAD CLIENT 2] declined request for segment 55 from 3
[DOWNLOAD CLIENT 2] received reply 2 from seed 3
[CLIENT 2] needs 45 more segments from file1
[CLIENT 2] requesting segment 55 from file1
[DOWNLOAD CLIENT 2] querying seed 1
[DOWNLOAD CLIENT 2] received reply 2 from seed 1
[CLIENT 2] needs 44 more segments from file1
[CLIENT 2] requesting segment 56 from file1
[DOWNLOAD CLIENT 2] querying seed 1
[UPLOAD CLIENT 2] received REQUEST_SEGMENT from 1
[UPLOAD CLIENT 2] accepted request for segment 53 from 1
[DOWNLOAD CLIENT 2] received reply 2 from seed 1
[CLIENT 2] needs 43 more segments from file1
[CLIENT 2] requesting segment 57 from file1
[DOWNLOAD CLIENT 2] querying seed 1
[DOWNLOAD CLIENT 2] received reply 2 from seed 1
[CLIENT 2] needs 42 more segments from file1
[CLIENT 2] requesting segment 58 from file1
[DOWNLOAD CLIENT 2] querying seed 1
[UPLOAD CLIENT 2] received REQUEST_SEGMENT from 1
[UPLOAD CLIENT 2] accepted request for segment 54 from 1
[DOWNLOAD CLIENT 2] received reply 2 from seed 1
[CLIENT 2] needs 41 more segments from file1
[CLIENT 2] requesting segment 59 from file1
[DOWNLOAD CLIENT 2] querying seed 3
[DOWNLOAD CLIENT 2] received reply 1 from seed 3
[DOWNLOAD CLIENT 2] querying seed 3
[UPLOAD CLIENT 2] received REQUEST_SEGMENT from 1
[UPLOAD CLIENT 2] accepted request for segment 55 from 1
[DOWNLOAD CLIENT 2] received reply 2 from seed 3
[CLIENT 2] needs 40 more segments from file1
[CLIENT 2] updating seeds
[DOWNLOAD CLIENT 2] requesting seeds for file1
[UPLOAD CLIENT 2] received REQUEST_SEGMENT from 1
[UPLOAD CLIENT 2] accepted request for segment 56 from 1
[DOWNLOAD CLIENT 2] received 100 segments for file1
[CLIENT 2] requesting segment 60 from file1
[DOWNLOAD CLIENT 2] querying seed 3
[UPLOAD CLIENT 2] received REQUEST_SEGMENT from 3
[DOWNLOAD CLIENT 2] received reply 1 from seed 3
[UPLOAD CLIENT 2] declined request for segment 60 from 3
[UPLOAD CLIENT 2] received REQUEST_SEGMENT from 1
[UPLOAD CLIENT 2] accepted request for segment 57 from 1
[UPLOAD CLIENT 2] accepted request for segment 57[DOWNLOAD CLIENT 2] querying seed 1
[DOWNLOAD CLIENT 2] received reply 2 from seed 1
[CLIENT 2] needs 39 more segments from file1
[UPLOAD CLIENT 2] received REQUEST_SEGMENT from 1
[UPLOAD CLIENT 2] accepted request for segment 58 from 1
[CLIENT 2] requesting segment 61 from file1
[DOWNLOAD CLIENT 2] querying seed 1
[DOWNLOAD CLIENT 2] received reply 2 from seed 1
[CLIENT 2] needs 38 more segments from file1
[UPLOAD CLIENT 2] received REQUEST_SEGMENT from 3
[CLIENT 2] requesting segment 62 from file1
[UPLOAD CLIENT 2] declined request for segment 64 from 3
[DOWNLOAD CLIENT 2] querying seed 3
[UPLOAD CLIENT 2] declined request for segment 64 from 3
[DOWNLOAD CLIENT 2] received reply 2 from seed 3
[UPLOAD CLIENT 2] received REQUEST_SEGMENT from 3
[CLIENT 2] needs 37 more segments from file1
[UPLOAD CLIENT 2] declined request for segment 64 from 3
[UPLOAD CLIENT 2] received REQUEST_SEGMENT from 1
[UPLOAD CLIENT 2] accepted request for segmen[CLIENT 2] requesting segment uest for segment 59 from 1
 from file1
[DOWNLOAD CLIENT 2] querying seed 3
[DOWNLOAD CLIENT 2] received reply 2 from seed 3
[CLIENT 2] needs 36 more segments from file1
[CLIENT 2] requesting segment 64 from file1
[DOWNLOAD CLIENT 2] querying seed 1
[UPLOAD CLIENT 2] received REQUEST_SEGMENT from 3
[UPLOAD CLIENT 2] declined request for segment 66 from 3
[DOWNLOAD CLIENT 2] received reply 2 from seed 1
[CLIENT 2] needs 35 more segments from file1
[UPLOAD CLIENT 2] received REQUEST_SEGMENT from 1
[UPLOAD CLIENT 2] accepted request for segment 60 from 1
[CLIENT 2] requesting segment 65 from file1
[UPLOAD CLIENT 2] received REQUEST_SEGMENT from 3
[UPLOAD CLIENT 2] declined request for segment 66 from 3
[UPLOAD CLIENT 2] declined request for segme[DOWNLOAD CLIENT 2] querying seed 1
[DOWNLOAD CLIENT 2] received reply 2 from seed 1
[CLIENT 2] needs 34 more segments from file1
[CLIENT 2] needs 34 more segments from file1
[UPLOAD CLIENT 2] received REQUEST_SEGMENT from 3
[CLIENT 2] requesting segment 66 from file1
[UPLOAD CLIENT 2] declined request for segment 66 from 3
[CLIENT 2] requesting segment 66 from file1
[DOWNLOAD CLIENT 2] querying seed 1
[DOWNLOAD CLIENT 2] received reply 2 from seed 1
[CLIENT 2] needs 33 more segments from file1
[UPLOAD CLIENT 2] received REQUEST_SEGMENT from 3
[CLIENT 2] requesting segment 67 from file1
67 from 3
[DOWNLOAD CLIENT 2] querying seed 3
67 from 3
[DOWNLOAD CLIENT [UPLOAD CLIENT 2] received reply 1 from seed 2
1
[DOWNLOAD CLIENT 2] querying seed 3
1
[UPLOAD CLIENT 2] accepted request for segment 61 from 1
[UPLOAD CLIENT 2] received REQUEST_SEGMENT from 3
[DOWNLOAD CLIENT 2] received reply 1 from seed 3
[UPLOAD CLIENT 2] declined request for segment 67 from 3
[DOWNLOAD CLIENT 2] received reply 1 from seed 3
[DOWNLOAD CLIENT 2] querying seed 1
[UPLOAD CLIENT 2] received REQUEST_SEGMENT from 3
[UPLOAD CLIENT 2] declined request for segment 67 from 3
[UPLOAD CLIENT 2] received REQUEST_SEGMENT from 1
[UPLOAD CLIENT 2] accepted request for segment 62 from 1
[DOWNLOAD CLIENT 2] received reply 2 from seed 1
[CLIENT 2] needs 32 more segments from file1
[CLIENT 2] requesting segment 68 from file1
[DOWNLOAD CLIENT 2] querying seed 1
[UPLOAD CLIENT 2] received REQUEST_SEGMENT from 3
[UPLOAD CLIENT 2] accepted request for segment 67 from 3
[DOWNLOAD CLIENT 2] received reply 2 from seed 1
[CLIENT 2] needs 31 more segments from file1
[CLIENT 2] requesting segment 69 from file1
[DOWNLOAD CLIENT 2] querying seed 3
[UPLOAD CLIENT 2] received REQUEST_SEGMENT from 3
[UPLOAD CLIENT 2] accepted request for segment 68 from 3
[DOWNLOAD CLIENT 2] received reply 1 from seed 3
[DOWNLOAD CLIENT 2] querying seed 3
[UPLOAD CLIENT 2] received REQUEST_SEGMENT from 3
[UPLOAD CLIENT 2] declined request for segment 69 from 3
[DOWNLOAD CLIENT 2] received reply 1 from seed 3
[DOWNLOAD CLIENT 2] querying seed 1
[UPLOAD CLIENT 2] received REQUEST_SEGMENT from 3
[UPLOAD CLIENT 2] declined request for segment 69 from 3
[DOWNLOAD CLIENT 2] received reply 2 from seed 1
[CLIENT 2] needs 30 more segments from file1
[UPLOAD CLIENT 2] received REQUEST_SEGMENT from 3
[CLIENT 2] updating seeds
[DOWNLOAD CLIENT 2] requesting seeds for file1
 3
[UPLOAD CLIENT 2] accepted request for segment 69 from 3
[UPLOAD CLIENT 2] received REQUEST_SEGMENT from 1
[UPLOAD CLIENT 2] accepted request for segment 63 from 1
[UPLOAD CLIENT 2] accepted request for segment [DOWNLOAD CLIENT 2] received 100 segments for file1
[CLIENT 2] requesting segment 70 from file1
[DOWNLOAD CLIENT 2] querying seed 3
[UPLOAD CLIENT 2] received REQUEST_SEGMENT from 1
[UPLOAD CLIENT 2] accepted request for segment 64 from 1
[DOWNLOAD CLIENT 2] received reply 1 from seed 3
[DOWNLOAD CLIENT 2] querying seed 3
[DOWNLOAD CLIENT 2] received reply 1 from seed 3
[DOWNLOAD CLIENT 2] querying seed 1
[DOWNLOAD CLIENT 2] received reply 2 from seed 1
[UPLOAD CLIENT 2] received REQUEST_SEGMENT from 1
[CLIENT 2] needs 29 more segments from file1
[UPLOAD CLIENT 2] received REQUEST_SEGMENT from 1
[CLIENT 2] requesting segment 71 from file1
[UPLOAD CLIENT 2] accepted request for segment 65 from 1
[CLIENT 2] requesting segment 71 from file1
[DOWNLOAD CLIENT 2] querying seed 3
[DOWNLOAD CLIENT 2] received reply 1 from seed 3
[DOWNLOAD CLIENT 2] querying seed 1
[UPLOAD CLIENT 2] received REQUEST_SEGMENT from 1
[UPLOAD CLIENT 2] accepted request for segment 66 from 1
[DOWNLOAD CLIENT 2] received reply 2 from seed 1
[CLIENT 2] needs 28 more segments from file1
[CLIENT 2] requesting segment 72 from file1
[DOWNLOAD CLIENT 2] querying seed 3
[UPLOAD CLIENT 2] received REQUEST_SEGMENT from 3
[UPLOAD CLIENT 2] declined request for segment 73 from 3
[DOWNLOAD CLIENT 2] received reply 2 from seed 3
[CLIENT 2] needs 27 more segments from file1
[CLIENT 2] requesting segment 73 from file1
[DOWNLOAD CLIENT 2] querying seed 1
[DOWNLOAD CLIENT 2] received reply 2 from seed 1
[CLIENT 2] needs 26 more segments from file1
[CLIENT 2] requesting segment 74 from file1
[UPLOAD CLIENT [] received REQUEST_SEGMENT from 2] querying seed 1
[UPLOAD CLIENT [] received REQUEST_SEGMENT from 2] querying seed 1
1
[UPLOAD CLIENT 2] accepted request for segment 67 from 1
[DOWNLOAD CLIENT 2] received reply 2 from seed 1
[UPLOAD CLIENT 2] received REQUEST_SEGMENT from 3
[UPLOAD CLIENT 2] declined request for segment 75 from 3
[UPLOAD CLIENT 2] declined request for segment 75[UPLOAD CLIENT 2] received REQUEST_SEGMENT from 1
[CLIENT 2] needs 25 more segments from file1
[UPLOAD CLIENT 2] received REQUEST_SEGMENT from 1
[CLIENT 2] requesting segment 75 from file1
[UPLOAD CLIENT 2] accepted request for segment 68 from 1
[DOWNLOAD CLIENT 2] querying seed 3
[UPLOAD CLIENT 2] accepted request for segment 68 from 1
[DOWNLOAD CLIENT 2] received reply 1 from seed 3
[UPLOAD CLIENT [DOWNLOAD CLIENT 2] querying seed 323
[DOWNLOAD CLIENT 2] received reply 2 from seed 3
[UPLOAD CLIENT 2] declined request for segment 76 from 3
[UPLOAD CLIENT 2] received REQUEST_SEGMENT from 1[CLIENT 2] needs 24 more segments from file1
[CLIENT 2] requesting segment 76 from file1
[DOWNLOAD CLIENT 2] querying seed 1
[DOWNLOAD CLIENT 2] querying seed 1
m file1

om 1
[UPLOAD CLIENT 2] accepted request for segment 69 from 1
[UPLOAD CLIENT 2] received REQUEST_SEGMENT from 3
[UPLOAD CLIENT 2] declined request for segment 77 from 3
[DOWNLOAD CLIENT 2] received reply 2 from seed 1
[CLIENT 2] needs 23 more segments from file1
[CLIENT 2] requesting segment 77 from file1
[DOWNLOAD CLIENT 2] querying seed 1
[UPLOAD CLIENT 2] received REQUEST_SEGMENT from 1
[UPLOAD CLIENT 2] accepted request for segment 70 from 1
[UPLOAD CLIENT 2] received REQUEST_SEGMENT from 3
[UPLOAD CLIENT 2] declined request for segment 78 from 3
[DOWNLOAD CLIENT 2] received reply 2 from seed 1
[CLIENT 2] needs 22 more segments from file1
[CLIENT 2] requesting segment 78 from file1
[DOWNLOAD CLIENT 2] querying seed 3
[DOWNLOAD CLIENT 2] received reply 1 from seed 3
[DOWNLOAD CLIENT 2] querying seed 3
[DOWNLOAD CLIENT 2] received reply 1 from seed 3
[DOWNLOAD CLIENT 2] querying seed 3
[UPLOAD CLIENT 2] received REQUEST_SEGMENT from 1
[DOWNLOAD CLIENT 2] received reply 2 from seed [
71 from 1
[CLIENT 2] needs 21 more segments from file1
71 from 1
[CLIENT 2] requesting segment 79 from file1
[UPLOAD CLIENT 2] received REQUEST_SEGMENT from 3
[DOWNLOAD CLIENT 2] querying seed 1
[UPLOAD CLIENT 2] received REQUEST_SEGMENT from 3
[UPLOAD CLIENT 2] declined request for segment 79 from 3
[DOWNLOAD CLIENT 2] received reply 2 from seed 1
2] received REQUEST_SEGMENT from 1
[CLIENT 2] needs 20 more segments from file1
[CLIENT 2] updating seeds
[DOWNLOAD CLIENT 2] requesting seeds for file1
[DOWNLOAD CLIENT 2] requesting seed[DOWNLOAD CLIENT 2[UPLOAD CLIENT 100 segments for file12[DOWNLOAD CLIENT 2[UPLOAD CLIENT 100 segments for file12] accepted request for segment 72 from 1
[CLIENT 2] requesting segment 80 from file1
[DOWNLOAD CLIENT 2] querying seed 1
[DOWNLOAD CLIENT [UPLOAD CLIENT 2] received reply 2] received REQUEST_SEGMENT from 1
1[UPLOAD CLIENT 2] accepted request for segment 73 from 1

[CLIENT 2] needs 19 more segments from file1
[CLIENT 2] requesting segment 81 from file1
[DOWNLOAD CLIENT 2] querying seed 3
[DOWNLOAD CLIENT 2] received reply 1 from seed 3
[DOWNLOAD CLIENT 2] querying seed 3
[DOWNLOAD CLIENT 2] received reply 1 from seed 3
[DOWNLOAD CLIENT 2] querying seed 1
[DOWNLOAD CLIENT 2] received reply 2 from seed 1
[CLIENT 2] needs 18 more segments from file1
[CLIENT 2] requesting segment 82 from file1
[DOWNLOAD CLIENT 2] querying seed 1
[DOWNLOAD CLIENT 2] received reply 2 from seed 1
[CLIENT 2] needs 17 more segments from file1
[UPLOAD CLIENT 2] received REQUEST_SEGMENT from 3
[CLIENT 2] requesting segment 83 from file1
[UPLOAD CLIENT 2] accepted request for segment 82 from 3
[UPLOAD CLIENT 2] received REQUEST_SEGMENT from 1
[UPLOAD CLIENT 2] accepted request for segment 74 from 1
[UPLOAD CLIENT 2] accepted request for segme[DOWNLOAD CLIENT 2] querying seed 3
[DOWNLOAD CLIENT 2] received reply 1 from seed 3
[DOWNLOAD CLIENT 2] querying seed 1
[UPLOAD CLIENT 2] received REQUEST_SEGMENT from 3
[DOWNLOAD CLIENT 2] received reply 2 from seed 1
[UPLOAD CLIENT 2] declined request for segment 84 from 3
[DOWNLOAD CLIENT 2] received reply 2 from seed 1
[CLIENT 2] needs 16 more segments from file1
[CLIENT 2] requesting segment 84 from file1
[DOWNLOAD CLIENT 2] querying seed 1
[UPLOAD CLIENT 2] received REQUEST_SEGMENT from 3
[DOWNLOAD CLIENT 2] received reply 2 from seed 1
[UPLOAD CLIENT 2] declined request for segment 84 from 3
[DOWNLOAD CLIENT 2] received reply 2 from seed 1
[CLIENT 2] needs 15 more segments from file1
[CLIENT 2] requesting segment 85 from file1
[DOWNLOAD CLIENT 2] querying seed 1
[DOWNLOAD CLIENT 2] received reply 2 from seed 1
[CLIENT 2] needs 14 more segments from file1
[CLIENT 2] requesting segment 86 from file1
[DOWNLOAD CLIENT 2] querying seed 3
[DOWNLOAD CLIENT 2] received reply 1 from seed 3
[DOWNLOAD CLIENT 2] received reply 1 from seed 3
[UPLOAD CLIENT 2] received REQUEST_SEGMENT from 3
[DOWNLOAD CLIENT 2] querying seed 3
[DOWNLOAD CLIENT 2] received reply 1 from seed 3
[UPLOAD CLIENT 2] received REQUEST_SEGMENT from 3
[UPLOAD CLIENT 2] accepted request for segment 85 from 3
[DOWNLOAD CLIENT 2] received reply 1 from seed 3
[DOWNLOAD CLIENT 2] querying seed 3
[UPLOAD CLIENT 2] received REQUEST_SEGMENT from 3
[UPLOAD CLIENT 2] declined request for segment 86 from 3
[DOWNLOAD CLIENT 2] received reply 1 from seed 3
[DOWNLOAD CLIENT 2] querying seed 1
[UPLOAD CLIENT 2] received REQUEST_SEGMENT from 3
[UPLOAD CLIENT 2] declined request for segment 86 from 3
[DOWNLOAD CLIENT 2] received reply 2 from seed 1
[CLIENT 2] needs 13 more segments from file1
[CLIENT 2] requesting segment 87 from file1
[DOWNLOAD CLIENT 2] querying seed 1
[DOWNLOAD CLIENT 2] received reply 2 from seed 1
[CLIENT 2] needs 12 more segments from file1
[UPLOAD CLIENT 2] received REQUEST_SEGMENT from 3
[CLIENT 2] requesting segment 88 from file1
[UPLOAD CLIENT 2] accepted request for segment 87 from 3
[CLIENT 2] requesting segment 88 from file1
[DOWNLOAD CLIENT 2] querying seed 3
[DOWNLOAD CLIENT 2] received reply 1 from seed 3
[UPLOAD CLIENT 2] received REQUEST_SEGMENT from 3
[DOWNLOAD CLIENT 2] querying seed 3
[UPLOAD CLIENT 2] received REQUEST_SEGMENT from 3
[UPLOAD CLIENT 2] declined request for segment 88 from 3
[DOWNLOAD CLIENT 2] received reply 1 from seed 3
[DOWNLOAD CLIENT 2] querying seed 3
2] received REQUEST_SEGMENT from 3
[UPLOAD CLIENT [DOWNLOAD CLIENT 2] received reply 88 from 1 from seed 3
[UPLOAD CLIENT [DOWNLOAD CLIENT 2] received reply 88 from 1 from seed 3
3
[DOWNLOAD CLIENT 2] querying seed 3
[DOWNLOAD CLIENT 2] received reply 1 from seed 3
[DOWNLOAD CLIENT 2] querying seed 1
[DOWNLOAD CLIENT 2] received reply 2 from seed 1
[CLIENT 2] needs 11 more segments from file1
[CLIENT 2] requesting segment 89 from file1
[DOWNLOAD CLIENT 2] querying seed 1
[DOWNLOAD CLIENT 2] received reply 2 from seed 1
[CLIENT 2] needs 10 more segments from file1
[CLIENT 2] updating seeds
[DOWNLOAD CLIENT 2] requesting seeds for file1
[DOWNLOAD CLIENT 2] received 100 segments for file1
[CLIENT 2] requesting segment 90 from file1
[DOWNLOAD CLIENT 2] querying seed 1
[DOWNLOAD CLIENT 2] received reply 2 from seed 1
[UPLOAD CLIENT 2] received REQUEST_SEGMENT from 3
[CLIENT [UPLOAD CLIENT 2] needs 2] accepted request for segment 9 more segments from 90 from file13[CLIENT [UPLOAD CLIENT 2] needs 2] accepted request for segment 9 more segments from 90 from file13
[CLIENT 2] requesting segment 91 from file1
[DOWNLOAD CLIENT 2] querying seed 3
[DOWNLOAD CLIENT 2] received reply 1 from seed 3
2] received REQUEST_SEGMENT from 3
[DOWNLOAD CLIENT 2] querying seed 3
2] received REQUEST_SEGMENT from 3
[UPLOAD CLIENT 2] declined request for segment 91 from 3
[DOWNLOAD CLIENT 2] received reply 1 from seed 3
[DOWNLOAD CLIENT 2] querying seed 1
[UPLOAD CLIENT 2] received REQUEST_SEGMENT from 3
[DOWNLOAD CLIENT 2] received reply 2 from seed 1
[UPLOAD CLIENT 2] declined request for segment 91 from 3
[CLIENT 2] needs 8 more segments from file1
[UPLOAD CLIENT 2] declined request for segment 91 from 3
[CLIENT 2] requesting segment 92 from file1
[DOWNLOAD CLIENT 2] querying seed 1
[UPLOAD CLIENT 2] received REQUEST_SEGMENT from 3
[DOWNLOAD CLIENT 2] received reply 2 from seed 1
[UPLOAD CLIENT 2] accepted request for segment 91 from 3
[CLIENT 2] needs 7 more segments from file1
[UPLOAD CLIENT 2] accepted request for segment 91 from 3
[CLIENT 2] requesting segment 93 from file1
[DOWNLOAD CLIENT 2] querying seed 3
[DOWNLOAD CLIENT 2] received reply 1 from seed 3
[DOWNLOAD CLIENT 2] querying seed 3
[DOWNLOAD CLIENT 2] received reply 1 from seed 3
[DOWNLOAD CLIENT 2] querying seed 3
[DOWNLOAD CLIENT 2] received reply 1 from seed 3
[DOWNLOAD CLIENT 2] querying seed 1
[UPLOAD CLIENT 2] received REQUEST_SEGMENT from 3
[DOWNLOAD CLIENT 2] received reply 2 from seed 1
[UPLOAD CLIENT 2] declined request for segment 94 from 3
[DOWNLOAD CLIENT 2] received reply 2 from seed 1
[CLIENT 2] needs 6 more segments from file1
[CLIENT 2] requesting segment 94 from file1
[DOWNLOAD CLIENT 2] querying seed 3
[DOWNLOAD CLIENT 2] received reply 1 from seed 3
[DOWNLOAD CLIENT 2] querying seed 3
[UPLOAD CLIENT 2] received REQUEST_SEGMENT from 3
[UPLOAD CLIENT 2] declined request for segment 95 from 3
[DOWNLOAD CLIENT 2] received reply 2 from seed 3
[CLIENT 2] needs 5 more segments from file1
[CLIENT 2] requesting segment 95 from file1
[DOWNLOAD CLIENT 2] querying seed 3
[UPLOAD CLIENT 2] received REQUEST_SEGMENT from 3
[DOWNLOAD CLIENT 2] received reply 1 from seed 3
[UPLOAD CLIENT 2] declined request for segment 96 from 3
[DOWNLOAD CLIENT 2] received reply 1 from seed 3
[DOWNLOAD CLIENT 2] querying seed 1
[DOWNLOAD CLIENT 2] received reply 2 from seed 1
[CLIENT 2] needs 4 more segments from file1
[CLIENT 2] requesting segment 96 from file1
[DOWNLOAD CLIENT 2] querying seed 3
[DOWNLOAD CLIENT 2] received reply 2 from seed 3
[CLIENT 2] needs 3 more segments from file1
[CLIENT 2] requesting segment 97 from file1
[DOWNLOAD CLIENT 2] querying seed 1
[DOWNLOAD CLIENT 2] received reply 2 from seed 1
[UPLOAD CLIENT 2] received REQUEST_SEGMENT from 3
[CLIENT 2] needs [ more segments from 2] dec98 from 3
[CLIENT 2] requesting segment 98 from file1
[DOWNLOAD CLIENT 2] querying seed 3
[DOWNLOAD CLIENT 2] received reply 1 from seed 3
[DOWNLOAD CLIENT 2] querying seed 3
[DOWNLOAD CLIENT 2] received reply 2 from seed 3
[CLIENT 2] needs 1 more segments from file1
[CLIENT 2] requesting segment 99 from file1
[DOWNLOAD CLIENT 2] querying seed 3
[DOWNLOAD CLIENT 2] received reply 2 from seed 3
[CLIENT 2] needs 0 more segments from file1
[CLIENT 2] finished downloading file1
[UPLOAD CLIENT 2] received REQUEST_SEGMENT from 3
[UPLOAD CLIENT 2] accepted request for segment 1 from 3
[UPLOAD CLIENT 2] received REQUEST_SEGMENT from 3
[UPLOAD CLIENT 2] accepted request for segment 2 from 3
[UPLOAD CLIENT 2] received REQUEST_SEGMENT from 3
[UPLOAD CLIENT 2] accepted request for segment 5 from 3
[UPLOAD CLIENT 2] received REQUEST_SEGMENT from 3
[UPLOAD CLIENT 2] accepted request for segment 6 from 3
[UPLOAD CLIENT 2] received REQUEST_SEGMENT from 3
[UPLOAD CLIENT 2] accepted request for segment 9 from 3
[UPLOAD CLIENT 2] received REQUEST_SEGMENT from 3
[UPLOAD CLIENT 2] accepted request for segment 11 from 3
[UPLOAD CLIENT 2] received REQUEST_SEGMENT from 3
[UPLOAD CLIENT 2] accepted request for segment 14 from 3
[UPLOAD CLIENT 2] received REQUEST_SEGMENT from 3
[UPLOAD CLIENT 2] accepted request for segment 15 from 3
[UPLOAD CLIENT 2] received REQUEST_SEGMENT from 3
[UPLOAD CLIENT 2] accepted request for segment 16 from 3
[UPLOAD CLIENT 2] received REQUEST_SEGMENT from 3
[UPLOAD CLIENT 2] accepted request for segment 18 from 3
[UPLOAD CLIENT 2] received REQUEST_SEGMENT from 3
[UPLOAD CLIENT 2] accepted request for segment 19 from 3
[UPLOAD CLIENT 2] received REQUEST_SEGMENT from 3
[UPLOAD CLIENT 2] accepted request for segment 23 from 3
[UPLOAD CLIENT 2] received REQUEST_SEGMENT from 3
[UPLOAD CLIENT 2] accepted request for segment 24 from 3
[UPLOAD CLIENT 2] received REQUEST_SEGMENT from 3
[UPLOAD CLIENT 2] accepted request for segment 25 from 3
[UPLOAD CLIENT 2] received REQUEST_SEGMENT from 3
[UPLOAD CLIENT 2] accepted request for segment 27 from 3
[UPLOAD CLIENT 2] received REQUEST_SEGMENT from 3
[UPLOAD CLIENT 2] accepted request for segment 33 from 3
[UPLOAD CLIENT 2] received REQUEST_SEGMENT from 3
[UPLOAD CLIENT 2] accepted request for segment 35 from 3
[UPLOAD CLIENT 2] received REQUEST_SEGMENT from 3
[UPLOAD CLIENT 2] accepted request for segment 38 from 3
[UPLOAD CLIENT 2] received REQUEST_SEGMENT from 3
[UPLOAD CLIENT 2] accepted request for segment 41 from 3
[UPLOAD CLIENT 2] received REQUEST_SEGMENT from 3
[UPLOAD CLIENT 2] accepted request for segment 42 from 3
[UPLOAD CLIENT 2] received REQUEST_SEGMENT from 3
[UPLOAD CLIENT 2] accepted request for segment 43 from 3
[UPLOAD CLIENT 2] received REQUEST_SEGMENT from 3
[UPLOAD CLIENT 2] accepted request for segment 44 from 3
[UPLOAD CLIENT 2] received REQUEST_SEGMENT from 3
[UPLOAD CLIENT 2] accepted request for segment 49 from 3
[UPLOAD CLIENT 2] received REQUEST_SEGMENT from 3
[UPLOAD CLIENT 2] accepted request for segment 53 from 3
[UPLOAD CLIENT 2] received REQUEST_SEGMENT from 3
[UPLOAD CLIENT 2] accepted request for segment 59 from 3
[UPLOAD CLIENT 2] received REQUEST_SEGMENT from 3
[UPLOAD CLIENT 2] accepted request for segment 61 from 3
[UPLOAD CLIENT 2] received REQUEST_SEGMENT from 3
[UPLOAD CLIENT 2] accepted request for segment 62 from 3
[UPLOAD CLIENT 2] received REQUEST_SEGMENT from 3
[UPLOAD CLIENT 2] accepted request for segment 68 from 3
[UPLOAD CLIENT 2] received REQUEST_SEGMENT from 3
[UPLOAD CLIENT 2] accepted request for segment 70 from 3
[UPLOAD CLIENT 2] received REQUEST_SEGMENT from 3
[UPLOAD CLIENT 2] accepted request for segment 71 from 3
[UPLOAD CLIENT 2] received REQUEST_SEGMENT from 3
[UPLOAD CLIENT 2] accepted request for segment 72 from 3
[UPLOAD CLIENT 2] received REQUEST_SEGMENT from 3
[UPLOAD CLIENT 2] accepted request for segment 73 from 3
[UPLOAD CLIENT 2] received REQUEST_SEGMENT from 3
[UPLOAD CLIENT 2] accepted request for segment 74 from 3
[UPLOAD CLIENT 2] received LOG_OFF signal
